This is pdfTeX, Version 3.141592653-2.6-1.40.24 (MiKTeX 22.3) (preloaded format=pdflatex 2022.3.14)  14 MAR 2022 23:21
entering extended mode
 restricted \write18 enabled.
 %&-line parsing enabled.
**./2.3.1.tex
(2.3.1.tex
LaTeX2e <2021-11-15> patch level 1
L3 programming layer <2022-02-24>
(C:\Users\РђСЂСЃРµРЅРёР№ Р’ Р“РёСЃРёС‡\AppData\Local\Programs\MiKTeX\tex/latex/
base\article.cls
Document Class: article 2021/10/04 v1.4n Standard LaTeX document class

(C:\Users\РђСЂСЃРµРЅРёР№ Р’ Р“РёСЃРёС‡\AppData\Local\Programs\MiKTeX\tex/latex/
base\size12.clo
File: size12.clo 2021/10/04 v1.4n Standard LaTeX file (size option)
)
\c@part=\count185
\c@section=\count186
\c@subsection=\count187
\c@subsubsection=\count188
\c@paragraph=\count189
\c@subparagraph=\count190
\c@figure=\count191
\c@table=\count192
\abovecaptionskip=\skip47
\belowcaptionskip=\skip48
\bibindent=\dimen138
)
(C:\Users\РђСЂСЃРµРЅРёР№ Р’ Р“РёСЃРёС‡\AppData\Local\Programs\MiKTeX\tex/latex/
hyperref\hyperref.sty
Package: hyperref 2022-02-21 v7.00n Hypertext links for LaTeX

(C:\Users\РђСЂСЃРµРЅРёР№ Р’ Р“РёСЃРёС‡\AppData\Local\Programs\MiKTeX\tex/generi
c/ltxcmds\ltxcmds.sty
Package: ltxcmds 2020-05-10 v1.25 LaTeX kernel commands for general use (HO)
)
(C:\Users\РђСЂСЃРµРЅРёР№ Р’ Р“РёСЃРёС‡\AppData\Local\Programs\MiKTeX\tex/generi
c/iftex\iftex.sty
Package: iftex 2022/02/03 v1.0f TeX engine tests
)
(C:\Users\РђСЂСЃРµРЅРёР№ Р’ Р“РёСЃРёС‡\AppData\Local\Programs\MiKTeX\tex/generi
c/pdftexcmds\pdftexcmds.sty
Package: pdftexcmds 2020-06-27 v0.33 Utility functions of pdfTeX for LuaTeX (HO
)

(C:\Users\РђСЂСЃРµРЅРёР№ Р’ Р“РёСЃРёС‡\AppData\Local\Programs\MiKTeX\tex/generi
c/infwarerr\infwarerr.sty
Package: infwarerr 2019/12/03 v1.5 Providing info/warning/error messages (HO)
)
Package pdftexcmds Info: \pdf@primitive is available.
Package pdftexcmds Info: \pdf@ifprimitive is available.
Package pdftexcmds Info: \pdfdraftmode found.
)
(C:\Users\РђСЂСЃРµРЅРёР№ Р’ Р“РёСЃРёС‡\AppData\Local\Programs\MiKTeX\tex/latex/
graphics\keyval.sty
Package: keyval 2014/10/28 v1.15 key=value parser (DPC)
\KV@toks@=\toks16
)
(C:\Users\РђСЂСЃРµРЅРёР№ Р’ Р“РёСЃРёС‡\AppData\Local\Programs\MiKTeX\tex/generi
c/kvsetkeys\kvsetkeys.sty
Package: kvsetkeys 2019/12/15 v1.18 Key value parser (HO)
)
(C:\Users\РђСЂСЃРµРЅРёР№ Р’ Р“РёСЃРёС‡\AppData\Local\Programs\MiKTeX\tex/generi
c/kvdefinekeys\kvdefinekeys.sty
Package: kvdefinekeys 2019-12-19 v1.6 Define keys (HO)
)
(C:\Users\РђСЂСЃРµРЅРёР№ Р’ Р“РёСЃРёС‡\AppData\Local\Programs\MiKTeX\tex/generi
c/pdfescape\pdfescape.sty
Package: pdfescape 2019/12/09 v1.15 Implements pdfTeX's escape features (HO)
)
(C:\Users\РђСЂСЃРµРЅРёР№ Р’ Р“РёСЃРёС‡\AppData\Local\Programs\MiKTeX\tex/latex/
hycolor\hycolor.sty
Package: hycolor 2020-01-27 v1.10 Color options for hyperref/bookmark (HO)
)
(C:\Users\РђСЂСЃРµРЅРёР№ Р’ Р“РёСЃРёС‡\AppData\Local\Programs\MiKTeX\tex/latex/
letltxmacro\letltxmacro.sty
Package: letltxmacro 2019/12/03 v1.6 Let assignment for LaTeX macros (HO)
)
(C:\Users\РђСЂСЃРµРЅРёР№ Р’ Р“РёСЃРёС‡\AppData\Local\Programs\MiKTeX\tex/latex/
auxhook\auxhook.sty
Package: auxhook 2019-12-17 v1.6 Hooks for auxiliary files (HO)
)
(C:\Users\РђСЂСЃРµРЅРёР№ Р’ Р“РёСЃРёС‡\AppData\Local\Programs\MiKTeX\tex/latex/
kvoptions\kvoptions.sty
Package: kvoptions 2020-10-07 v3.14 Key value format for package options (HO)
)
\@linkdim=\dimen139
\Hy@linkcounter=\count193
\Hy@pagecounter=\count194

(C:\Users\РђСЂСЃРµРЅРёР№ Р’ Р“РёСЃРёС‡\AppData\Local\Programs\MiKTeX\tex/latex/
hyperref\pd1enc.def
File: pd1enc.def 2022-02-21 v7.00n Hyperref: PDFDocEncoding definition (HO)
Now handling font encoding PD1 ...
... no UTF-8 mapping file for font encoding PD1
)
(C:\Users\РђСЂСЃРµРЅРёР№ Р’ Р“РёСЃРёС‡\AppData\Local\Programs\MiKTeX\tex/generi
c/intcalc\intcalc.sty
Package: intcalc 2019/12/15 v1.3 Expandable calculations with integers (HO)
)
(C:\Users\РђСЂСЃРµРЅРёР№ Р’ Р“РёСЃРёС‡\AppData\Local\Programs\MiKTeX\tex/generi
c/etexcmds\etexcmds.sty
Package: etexcmds 2019/12/15 v1.7 Avoid name clashes with e-TeX commands (HO)
)
\Hy@SavedSpaceFactor=\count195

(C:\Users\РђСЂСЃРµРЅРёР№ Р’ Р“РёСЃРёС‡\AppData\Local\Programs\MiKTeX\tex/latex/
hyperref\puenc.def
File: puenc.def 2022-02-21 v7.00n Hyperref: PDF Unicode definition (HO)
Now handling font encoding PU ...
... no UTF-8 mapping file for font encoding PU
)
Package hyperref Info: Hyper figures OFF on input line 4137.
Package hyperref Info: Link nesting OFF on input line 4142.
Package hyperref Info: Hyper index ON on input line 4145.
Package hyperref Info: Plain pages OFF on input line 4152.
Package hyperref Info: Backreferencing OFF on input line 4157.
Package hyperref Info: Implicit mode ON; LaTeX internals redefined.
Package hyperref Info: Bookmarks ON on input line 4390.
\c@Hy@tempcnt=\count196

(C:\Users\РђСЂСЃРµРЅРёР№ Р’ Р“РёСЃРёС‡\AppData\Local\Programs\MiKTeX\tex/latex/
url\url.sty
\Urlmuskip=\muskip16
Package: url 2013/09/16  ver 3.4  Verb mode for urls, etc.
)
LaTeX Info: Redefining \url on input line 4749.
\XeTeXLinkMargin=\dimen140

(C:\Users\РђСЂСЃРµРЅРёР№ Р’ Р“РёСЃРёС‡\AppData\Local\Programs\MiKTeX\tex/generi
c/bitset\bitset.sty
Package: bitset 2019/12/09 v1.3 Handle bit-vector datatype (HO)

(C:\Users\РђСЂСЃРµРЅРёР№ Р’ Р“РёСЃРёС‡\AppData\Local\Programs\MiKTeX\tex/generi
c/bigintcalc\bigintcalc.sty
Package: bigintcalc 2019/12/15 v1.5 Expandable calculations on big integers (HO
)
))
\Fld@menulength=\count197
\Field@Width=\dimen141
\Fld@charsize=\dimen142
Package hyperref Info: Hyper figures OFF on input line 6027.
Package hyperref Info: Link nesting OFF on input line 6032.
Package hyperref Info: Hyper index ON on input line 6035.
Package hyperref Info: backreferencing OFF on input line 6042.
Package hyperref Info: Link coloring OFF on input line 6047.
Package hyperref Info: Link coloring with OCG OFF on input line 6052.
Package hyperref Info: PDF/A mode OFF on input line 6057.
LaTeX Info: Redefining \ref on input line 6097.
LaTeX Info: Redefining \pageref on input line 6101.

(C:\Users\РђСЂСЃРµРЅРёР№ Р’ Р“РёСЃРёС‡\AppData\Local\Programs\MiKTeX\tex/latex/
base\atbegshi-ltx.sty
Package: atbegshi-ltx 2021/01/10 v1.0c Emulation of the original atbegshi
package with kernel methods
)
\Hy@abspage=\count198
\c@Item=\count199
\c@Hfootnote=\count266
)
Package hyperref Info: Driver (autodetected): hpdftex.

(C:\Users\РђСЂСЃРµРЅРёР№ Р’ Р“РёСЃРёС‡\AppData\Local\Programs\MiKTeX\tex/latex/
hyperref\hpdftex.def
File: hpdftex.def 2022-02-21 v7.00n Hyperref driver for pdfTeX

(C:\Users\РђСЂСЃРµРЅРёР№ Р’ Р“РёСЃРёС‡\AppData\Local\Programs\MiKTeX\tex/latex/
base\atveryend-ltx.sty
Package: atveryend-ltx 2020/08/19 v1.0a Emulation of the original atveryend pac
kage
with kernel methods
)
\Fld@listcount=\count267
\c@bookmark@seq@number=\count268

(C:\Users\РђСЂСЃРµРЅРёР№ Р’ Р“РёСЃРёС‡\AppData\Local\Programs\MiKTeX\tex/latex/
rerunfilecheck\rerunfilecheck.sty
Package: rerunfilecheck 2019/12/05 v1.9 Rerun checks for auxiliary files (HO)

(C:\Users\РђСЂСЃРµРЅРёР№ Р’ Р“РёСЃРёС‡\AppData\Local\Programs\MiKTeX\tex/generi
c/uniquecounter\uniquecounter.sty
Package: uniquecounter 2019/12/15 v1.4 Provide unlimited unique counter (HO)
)
Package uniquecounter Info: New unique counter `rerunfilecheck' on input line 2
86.
)
\Hy@SectionHShift=\skip49
)
(C:\Users\РђСЂСЃРµРЅРёР№ Р’ Р“РёСЃРёС‡\AppData\Local\Programs\MiKTeX\tex/latex/
t2\mathtext.sty
Package: mathtext 2018/04/13 v1.1 transparent text-and-math defs
LaTeX Info: Redefining \halign on input line 119.
)
(C:\Users\РђСЂСЃРµРЅРёР№ Р’ Р“РёСЃРёС‡\AppData\Local\Programs\MiKTeX\tex/latex/
base\inputenc.sty
Package: inputenc 2021/02/14 v1.3d Input encoding file
\inpenc@prehook=\toks17
\inpenc@posthook=\toks18
)
(C:\Users\РђСЂСЃРµРЅРёР№ Р’ Р“РёСЃРёС‡\AppData\Local\Programs\MiKTeX\tex/latex/
base\fontenc.sty
Package: fontenc 2021/04/29 v2.0v Standard LaTeX package

(C:\Users\РђСЂСЃРµРЅРёР№ Р’ Р“РёСЃРёС‡\AppData\Local\Programs\MiKTeX\tex/latex/
cyrillic\t2aenc.def
File: t2aenc.def 2005/09/27 v1.0i Cyrillic encoding definition file
Now handling font encoding T2A ...
... processing UTF-8 mapping file for font encoding T2A

(C:\Users\РђСЂСЃРµРЅРёР№ Р’ Р“РёСЃРёС‡\AppData\Local\Programs\MiKTeX\tex/latex/
base\t2aenc.dfu
File: t2aenc.dfu 2021/06/21 v1.2n UTF-8 support
   defining Unicode char U+00A4 (decimal 164)
   defining Unicode char U+00A7 (decimal 167)
   defining Unicode char U+00AB (decimal 171)
   defining Unicode char U+00BB (decimal 187)
   defining Unicode char U+0131 (decimal 305)
   defining Unicode char U+0237 (decimal 567)
   defining Unicode char U+0400 (decimal 1024)
   defining Unicode char U+0401 (decimal 1025)
   defining Unicode char U+0402 (decimal 1026)
   defining Unicode char U+0403 (decimal 1027)
   defining Unicode char U+0404 (decimal 1028)
   defining Unicode char U+0405 (decimal 1029)
   defining Unicode char U+0406 (decimal 1030)
   defining Unicode char U+0407 (decimal 1031)
   defining Unicode char U+0408 (decimal 1032)
   defining Unicode char U+0409 (decimal 1033)
   defining Unicode char U+040A (decimal 1034)
   defining Unicode char U+040B (decimal 1035)
   defining Unicode char U+040C (decimal 1036)
   defining Unicode char U+040D (decimal 1037)
   defining Unicode char U+040E (decimal 1038)
   defining Unicode char U+040F (decimal 1039)
   defining Unicode char U+0410 (decimal 1040)
   defining Unicode char U+0411 (decimal 1041)
   defining Unicode char U+0412 (decimal 1042)
   defining Unicode char U+0413 (decimal 1043)
   defining Unicode char U+0414 (decimal 1044)
   defining Unicode char U+0415 (decimal 1045)
   defining Unicode char U+0416 (decimal 1046)
   defining Unicode char U+0417 (decimal 1047)
   defining Unicode char U+0418 (decimal 1048)
   defining Unicode char U+0419 (decimal 1049)
   defining Unicode char U+041A (decimal 1050)
   defining Unicode char U+041B (decimal 1051)
   defining Unicode char U+041C (decimal 1052)
   defining Unicode char U+041D (decimal 1053)
   defining Unicode char U+041E (decimal 1054)
   defining Unicode char U+041F (decimal 1055)
   defining Unicode char U+0420 (decimal 1056)
   defining Unicode char U+0421 (decimal 1057)
   defining Unicode char U+0422 (decimal 1058)
   defining Unicode char U+0423 (decimal 1059)
   defining Unicode char U+0424 (decimal 1060)
   defining Unicode char U+0425 (decimal 1061)
   defining Unicode char U+0426 (decimal 1062)
   defining Unicode char U+0427 (decimal 1063)
   defining Unicode char U+0428 (decimal 1064)
   defining Unicode char U+0429 (decimal 1065)
   defining Unicode char U+042A (decimal 1066)
   defining Unicode char U+042B (decimal 1067)
   defining Unicode char U+042C (decimal 1068)
   defining Unicode char U+042D (decimal 1069)
   defining Unicode char U+042E (decimal 1070)
   defining Unicode char U+042F (decimal 1071)
   defining Unicode char U+0430 (decimal 1072)
   defining Unicode char U+0431 (decimal 1073)
   defining Unicode char U+0432 (decimal 1074)
   defining Unicode char U+0433 (decimal 1075)
   defining Unicode char U+0434 (decimal 1076)
   defining Unicode char U+0435 (decimal 1077)
   defining Unicode char U+0436 (decimal 1078)
   defining Unicode char U+0437 (decimal 1079)
   defining Unicode char U+0438 (decimal 1080)
   defining Unicode char U+0439 (decimal 1081)
   defining Unicode char U+043A (decimal 1082)
   defining Unicode char U+043B (decimal 1083)
   defining Unicode char U+043C (decimal 1084)
   defining Unicode char U+043D (decimal 1085)
   defining Unicode char U+043E (decimal 1086)
   defining Unicode char U+043F (decimal 1087)
   defining Unicode char U+0440 (decimal 1088)
   defining Unicode char U+0441 (decimal 1089)
   defining Unicode char U+0442 (decimal 1090)
   defining Unicode char U+0443 (decimal 1091)
   defining Unicode char U+0444 (decimal 1092)
   defining Unicode char U+0445 (decimal 1093)
   defining Unicode char U+0446 (decimal 1094)
   defining Unicode char U+0447 (decimal 1095)
   defining Unicode char U+0448 (decimal 1096)
   defining Unicode char U+0449 (decimal 1097)
   defining Unicode char U+044A (decimal 1098)
   defining Unicode char U+044B (decimal 1099)
   defining Unicode char U+044C (decimal 1100)
   defining Unicode char U+044D (decimal 1101)
   defining Unicode char U+044E (decimal 1102)
   defining Unicode char U+044F (decimal 1103)
   defining Unicode char U+0450 (decimal 1104)
   defining Unicode char U+0451 (decimal 1105)
   defining Unicode char U+0452 (decimal 1106)
   defining Unicode char U+0453 (decimal 1107)
   defining Unicode char U+0454 (decimal 1108)
   defining Unicode char U+0455 (decimal 1109)
   defining Unicode char U+0456 (decimal 1110)
   defining Unicode char U+0457 (decimal 1111)
   defining Unicode char U+0458 (decimal 1112)
   defining Unicode char U+0459 (decimal 1113)
   defining Unicode char U+045A (decimal 1114)
   defining Unicode char U+045B (decimal 1115)
   defining Unicode char U+045C (decimal 1116)
   defining Unicode char U+045D (decimal 1117)
   defining Unicode char U+045E (decimal 1118)
   defining Unicode char U+045F (decimal 1119)
   defining Unicode char U+0490 (decimal 1168)
   defining Unicode char U+0491 (decimal 1169)
   defining Unicode char U+0492 (decimal 1170)
   defining Unicode char U+0493 (decimal 1171)
   defining Unicode char U+0496 (decimal 1174)
   defining Unicode char U+0497 (decimal 1175)
   defining Unicode char U+0498 (decimal 1176)
   defining Unicode char U+0499 (decimal 1177)
   defining Unicode char U+049A (decimal 1178)
   defining Unicode char U+049B (decimal 1179)
   defining Unicode char U+049C (decimal 1180)
   defining Unicode char U+049D (decimal 1181)
   defining Unicode char U+04A0 (decimal 1184)
   defining Unicode char U+04A1 (decimal 1185)
   defining Unicode char U+04A2 (decimal 1186)
   defining Unicode char U+04A3 (decimal 1187)
   defining Unicode char U+04A4 (decimal 1188)
   defining Unicode char U+04A5 (decimal 1189)
   defining Unicode char U+04AA (decimal 1194)
   defining Unicode char U+04AB (decimal 1195)
   defining Unicode char U+04AE (decimal 1198)
   defining Unicode char U+04AF (decimal 1199)
   defining Unicode char U+04B0 (decimal 1200)
   defining Unicode char U+04B1 (decimal 1201)
   defining Unicode char U+04B2 (decimal 1202)
   defining Unicode char U+04B3 (decimal 1203)
   defining Unicode char U+04B6 (decimal 1206)
   defining Unicode char U+04B7 (decimal 1207)
   defining Unicode char U+04B8 (decimal 1208)
   defining Unicode char U+04B9 (decimal 1209)
   defining Unicode char U+04BA (decimal 1210)
   defining Unicode char U+04BB (decimal 1211)
   defining Unicode char U+04C0 (decimal 1216)
   defining Unicode char U+04C1 (decimal 1217)
   defining Unicode char U+04C2 (decimal 1218)
   defining Unicode char U+04D0 (decimal 1232)
   defining Unicode char U+04D1 (decimal 1233)
   defining Unicode char U+04D2 (decimal 1234)
   defining Unicode char U+04D3 (decimal 1235)
   defining Unicode char U+04D4 (decimal 1236)
   defining Unicode char U+04D5 (decimal 1237)
   defining Unicode char U+04D6 (decimal 1238)
   defining Unicode char U+04D7 (decimal 1239)
   defining Unicode char U+04D8 (decimal 1240)
   defining Unicode char U+04D9 (decimal 1241)
   defining Unicode char U+04DA (decimal 1242)
   defining Unicode char U+04DB (decimal 1243)
   defining Unicode char U+04DC (decimal 1244)
   defining Unicode char U+04DD (decimal 1245)
   defining Unicode char U+04DE (decimal 1246)
   defining Unicode char U+04DF (decimal 1247)
   defining Unicode char U+04E2 (decimal 1250)
   defining Unicode char U+04E3 (decimal 1251)
   defining Unicode char U+04E4 (decimal 1252)
   defining Unicode char U+04E5 (decimal 1253)
   defining Unicode char U+04E6 (decimal 1254)
   defining Unicode char U+04E7 (decimal 1255)
   defining Unicode char U+04E8 (decimal 1256)
   defining Unicode char U+04E9 (decimal 1257)
   defining Unicode char U+04EC (decimal 1260)
   defining Unicode char U+04ED (decimal 1261)
   defining Unicode char U+04EE (decimal 1262)
   defining Unicode char U+04EF (decimal 1263)
   defining Unicode char U+04F0 (decimal 1264)
   defining Unicode char U+04F1 (decimal 1265)
   defining Unicode char U+04F2 (decimal 1266)
   defining Unicode char U+04F3 (decimal 1267)
   defining Unicode char U+04F4 (decimal 1268)
   defining Unicode char U+04F5 (decimal 1269)
   defining Unicode char U+04F8 (decimal 1272)
   defining Unicode char U+04F9 (decimal 1273)
   defining Unicode char U+200C (decimal 8204)
   defining Unicode char U+2013 (decimal 8211)
   defining Unicode char U+2014 (decimal 8212)
   defining Unicode char U+2018 (decimal 8216)
   defining Unicode char U+2019 (decimal 8217)
   defining Unicode char U+201C (decimal 8220)
   defining Unicode char U+201D (decimal 8221)
   defining Unicode char U+201E (decimal 8222)
   defining Unicode char U+2030 (decimal 8240)
   defining Unicode char U+2031 (decimal 8241)
   defining Unicode char U+2116 (decimal 8470)
   defining Unicode char U+2329 (decimal 9001)
   defining Unicode char U+232A (decimal 9002)
   defining Unicode char U+2423 (decimal 9251)
   defining Unicode char U+27E8 (decimal 10216)
   defining Unicode char U+27E9 (decimal 10217)
   defining Unicode char U+FB00 (decimal 64256)
   defining Unicode char U+FB01 (decimal 64257)
   defining Unicode char U+FB02 (decimal 64258)
   defining Unicode char U+FB03 (decimal 64259)
   defining Unicode char U+FB04 (decimal 64260)
   defining Unicode char U+FB05 (decimal 64261)
   defining Unicode char U+FB06 (decimal 64262)
)
\symT2Aletters=\mathgroup4
)
LaTeX Font Info:    Trying to load font information for T2A+cmr on input line 1
12.

(C:\Users\РђСЂСЃРµРЅРёР№ Р’ Р“РёСЃРёС‡\AppData\Local\Programs\MiKTeX\tex/latex/
cyrillic\t2acmr.fd
File: t2acmr.fd 2001/08/11 v1.0a Computer Modern Cyrillic font definitions
))
(C:\Users\РђСЂСЃРµРЅРёР№ Р’ Р“РёСЃРёС‡\AppData\Local\Programs\MiKTeX\tex/generi
c/babel\babel.sty
Package: babel 2022/02/26 3.73 The Babel package
\babel@savecnt=\count269
\U@D=\dimen143
\l@unhyphenated=\language79

(C:\Users\РђСЂСЃРµРЅРёР№ Р’ Р“РёСЃРёС‡\AppData\Local\Programs\MiKTeX\tex/generi
c/babel\txtbabel.def)
\bbl@readstream=\read2
\bbl@dirlevel=\count270

*************************************
* Local config file bblopts.cfg used
*

(C:\Users\РђСЂСЃРµРЅРёР№ Р’ Р“РёСЃРёС‡\AppData\Local\Programs\MiKTeX\tex/latex/
arabi\bblopts.cfg
File: bblopts.cfg 2005/09/08 v0.1 add Arabic and Farsi to "declared" options of
 babel
)
(C:\Users\РђСЂСЃРµРЅРёР№ Р’ Р“РёСЃРёС‡\AppData\Local\Programs\MiKTeX\tex/latex/
babel-english\english.ldf
Language: english 2017/06/06 v3.3r English support from the babel system
Package babel Info: Hyphen rules for 'canadian' set to \l@english
(babel)             (\language0). Reported on input line 102.
Package babel Info: Hyphen rules for 'australian' set to \l@ukenglish
(babel)             (\language73). Reported on input line 105.
Package babel Info: Hyphen rules for 'newzealand' set to \l@ukenglish
(babel)             (\language73). Reported on input line 108.
)
(C:\Users\РђСЂСЃРµРЅРёР№ Р’ Р“РёСЃРёС‡\AppData\Local\Programs\MiKTeX\tex/latex/
babel-russian\russianb.ldf
File: russianb.ldf 2021/01/10 1.3m Russian support for the Babel system
Language: russian 2020/09/09 1.3k Russian support for the Babel system
Package babel Info: Making " an active character on input line 124.
Package babel Info: Default for \cyrdash is provided on input line 163.
))
(C:\Users\РђСЂСЃРµРЅРёР№ Р’ Р“РёСЃРёС‡\AppData\Local\Programs\MiKTeX\tex/latex/
multirow\multirow.sty
Package: multirow 2021/03/15 v2.8 Span multiple rows of a table
\multirow@colwidth=\skip50
\multirow@cntb=\count271
\multirow@dima=\skip51
\bigstrutjot=\dimen144
)
(C:\Users\РђСЂСЃРµРЅРёР№ Р’ Р“РёСЃРёС‡\AppData\Local\Programs\MiKTeX\tex/latex/
amsmath\amsmath.sty
Package: amsmath 2021/10/15 v2.17l AMS math features
\@mathmargin=\skip52

For additional information on amsmath, use the `?' option.

(C:\Users\РђСЂСЃРµРЅРёР№ Р’ Р“РёСЃРёС‡\AppData\Local\Programs\MiKTeX\tex/latex/
amsmath\amstext.sty
Package: amstext 2021/08/26 v2.01 AMS text

(C:\Users\РђСЂСЃРµРЅРёР№ Р’ Р“РёСЃРёС‡\AppData\Local\Programs\MiKTeX\tex/latex/
amsmath\amsgen.sty
File: amsgen.sty 1999/11/30 v2.0 generic functions
\@emptytoks=\toks19
\ex@=\dimen145
))
(C:\Users\РђСЂСЃРµРЅРёР№ Р’ Р“РёСЃРёС‡\AppData\Local\Programs\MiKTeX\tex/latex/
amsmath\amsbsy.sty
Package: amsbsy 1999/11/29 v1.2d Bold Symbols
\pmbraise@=\dimen146
)
(C:\Users\РђСЂСЃРµРЅРёР№ Р’ Р“РёСЃРёС‡\AppData\Local\Programs\MiKTeX\tex/latex/
amsmath\amsopn.sty
Package: amsopn 2021/08/26 v2.02 operator names
)
\inf@bad=\count272
LaTeX Info: Redefining \frac on input line 234.
\uproot@=\count273
\leftroot@=\count274
LaTeX Info: Redefining \overline on input line 399.
\classnum@=\count275
\DOTSCASE@=\count276
LaTeX Info: Redefining \ldots on input line 496.
LaTeX Info: Redefining \dots on input line 499.
LaTeX Info: Redefining \cdots on input line 620.
\Mathstrutbox@=\box50
\strutbox@=\box51
\big@size=\dimen147
LaTeX Font Info:    Redeclaring font encoding OML on input line 743.
\symOMLletters=\mathgroup5
LaTeX Font Info:    Redeclaring font encoding OMS on input line 744.
\symOMSletters=\mathgroup6
\macc@depth=\count277
\c@MaxMatrixCols=\count278
\dotsspace@=\muskip17
\c@parentequation=\count279
\dspbrk@lvl=\count280
\tag@help=\toks20
\row@=\count281
\column@=\count282
\maxfields@=\count283
\andhelp@=\toks21
\eqnshift@=\dimen148
\alignsep@=\dimen149
\tagshift@=\dimen150
\tagwidth@=\dimen151
\totwidth@=\dimen152
\lineht@=\dimen153
\@envbody=\toks22
\multlinegap=\skip53
\multlinetaggap=\skip54
\mathdisplay@stack=\toks23
LaTeX Info: Redefining \[ on input line 2938.
LaTeX Info: Redefining \] on input line 2939.
)
(C:\Users\РђСЂСЃРµРЅРёР№ Р’ Р“РёСЃРёС‡\AppData\Local\Programs\MiKTeX\tex/latex/
amsfonts\amsfonts.sty
Package: amsfonts 2013/01/14 v3.01 Basic AMSFonts support
\symAMSa=\mathgroup7
\symAMSb=\mathgroup8
LaTeX Font Info:    Redeclaring math symbol \hbar on input line 98.
LaTeX Font Info:    Overwriting math alphabet `\mathfrak' in version `bold'
(Font)                  U/euf/m/n --> U/euf/b/n on input line 106.
)
(C:\Users\РђСЂСЃРµРЅРёР№ Р’ Р“РёСЃРёС‡\AppData\Local\Programs\MiKTeX\tex/latex/
amsfonts\amssymb.sty
Package: amssymb 2013/01/14 v3.01 AMS font symbols
)
(C:\Users\РђСЂСЃРµРЅРёР№ Р’ Р“РёСЃРёС‡\AppData\Local\Programs\MiKTeX\tex/latex/
amscls\amsthm.sty
Package: amsthm 2020/05/29 v2.20.6
\thm@style=\toks24
\thm@bodyfont=\toks25
\thm@headfont=\toks26
\thm@notefont=\toks27
\thm@headpunct=\toks28
\thm@preskip=\skip55
\thm@postskip=\skip56
\thm@headsep=\skip57
\dth@everypar=\toks29
)
(C:\Users\РђСЂСЃРµРЅРёР№ Р’ Р“РёСЃРёС‡\AppData\Local\Programs\MiKTeX\tex/latex/
mathtools\mathtools.sty
Package: mathtools 2022/02/07 v1.28a mathematical typesetting tools

(C:\Users\РђСЂСЃРµРЅРёР№ Р’ Р“РёСЃРёС‡\AppData\Local\Programs\MiKTeX\tex/latex/
tools\calc.sty
Package: calc 2017/05/25 v4.3 Infix arithmetic (KKT,FJ)
\calc@Acount=\count284
\calc@Bcount=\count285
\calc@Adimen=\dimen154
\calc@Bdimen=\dimen155
\calc@Askip=\skip58
\calc@Bskip=\skip59
LaTeX Info: Redefining \setlength on input line 80.
LaTeX Info: Redefining \addtolength on input line 81.
\calc@Ccount=\count286
\calc@Cskip=\skip60
)
(C:\Users\РђСЂСЃРµРЅРёР№ Р’ Р“РёСЃРёС‡\AppData\Local\Programs\MiKTeX\tex/latex/
mathtools\mhsetup.sty
Package: mhsetup 2021/03/18 v1.4 programming setup (MH)
)
\g_MT_multlinerow_int=\count287
\l_MT_multwidth_dim=\dimen156
\origjot=\skip61
\l_MT_shortvdotswithinadjustabove_dim=\dimen157
\l_MT_shortvdotswithinadjustbelow_dim=\dimen158
\l_MT_above_intertext_sep=\dimen159
\l_MT_below_intertext_sep=\dimen160
\l_MT_above_shortintertext_sep=\dimen161
\l_MT_below_shortintertext_sep=\dimen162
\xmathstrut@box=\box52
\xmathstrut@dim=\dimen163
)
(C:\Users\РђСЂСЃРµРЅРёР№ Р’ Р“РёСЃРёС‡\AppData\Local\Programs\MiKTeX\tex/latex/
tools\indentfirst.sty
Package: indentfirst 1995/11/23 v1.03 Indent first paragraph (DPC)
)
LaTeX Font Info:    Redeclaring symbol font `T2Aletters' on input line 11.
LaTeX Font Info:    Overwriting symbol font `T2Aletters' in version `normal'
(Font)                  T2A/cmr/m/up --> T2A/cmr/m/it on input line 11.
LaTeX Font Info:    Overwriting symbol font `T2Aletters' in version `bold'
(Font)                  T2A/cmr/m/up --> T2A/cmr/m/it on input line 11.

(C:\Users\РђСЂСЃРµРЅРёР№ Р’ Р“РёСЃРёС‡\AppData\Local\Programs\MiKTeX\tex/latex/
was\gensymb.sty
Package: gensymb 2003/07/02 v1.0 (WaS)
)
(C:\Users\РђСЂСЃРµРЅРёР№ Р’ Р“РёСЃРёС‡\AppData\Local\Programs\MiKTeX\tex/latex/
amsfonts\euscript.sty
Package: euscript 2009/06/22 v3.00 Euler Script fonts
LaTeX Font Info:    Overwriting math alphabet `\EuScript' in version `bold'
(Font)                  U/eus/m/n --> U/eus/b/n on input line 33.
)
(C:\Users\РђСЂСЃРµРЅРёР№ Р’ Р“РёСЃРёС‡\AppData\Local\Programs\MiKTeX\tex/latex/
jknappen\mathrsfs.sty
Package: mathrsfs 1996/01/01 Math RSFS package v1.0 (jk)
\symrsfs=\mathgroup9
)
(C:\Users\РђСЂСЃРµРЅРёР№ Р’ Р“РёСЃРёС‡\AppData\Local\Programs\MiKTeX\tex/latex/
geometry\geometry.sty
Package: geometry 2020/01/02 v5.9 Page Geometry

(C:\Users\РђСЂСЃРµРЅРёР№ Р’ Р“РёСЃРёС‡\AppData\Local\Programs\MiKTeX\tex/generi
c/iftex\ifvtex.sty
Package: ifvtex 2019/10/25 v1.7 ifvtex legacy package. Use iftex instead.
)
\Gm@cnth=\count288
\Gm@cntv=\count289
\c@Gm@tempcnt=\count290
\Gm@bindingoffset=\dimen164
\Gm@wd@mp=\dimen165
\Gm@odd@mp=\dimen166
\Gm@even@mp=\dimen167
\Gm@layoutwidth=\dimen168
\Gm@layoutheight=\dimen169
\Gm@layouthoffset=\dimen170
\Gm@layoutvoffset=\dimen171
\Gm@dimlist=\toks30

(C:\Users\РђСЂСЃРµРЅРёР№ Р’ Р“РёСЃРёС‡\AppData\Local\Programs\MiKTeX\tex/latex/
geometry\geometry.cfg))
(C:\Users\РђСЂСЃРµРЅРёР№ Р’ Р“РёСЃРёС‡\AppData\Local\Programs\MiKTeX\tex/latex/
graphics\graphicx.sty
Package: graphicx 2021/09/16 v1.2d Enhanced LaTeX Graphics (DPC,SPQR)

(C:\Users\РђСЂСЃРµРЅРёР№ Р’ Р“РёСЃРёС‡\AppData\Local\Programs\MiKTeX\tex/latex/
graphics\graphics.sty
Package: graphics 2021/03/04 v1.4d Standard LaTeX Graphics (DPC,SPQR)

(C:\Users\РђСЂСЃРµРЅРёР№ Р’ Р“РёСЃРёС‡\AppData\Local\Programs\MiKTeX\tex/latex/
graphics\trig.sty
Package: trig 2021/08/11 v1.11 sin cos tan (DPC)
)
(C:\Users\РђСЂСЃРµРЅРёР№ Р’ Р“РёСЃРёС‡\AppData\Local\Programs\MiKTeX\tex/latex/
graphics-cfg\graphics.cfg
File: graphics.cfg 2016/06/04 v1.11 sample graphics configuration
)
Package graphics Info: Driver file: pdftex.def on input line 107.

(C:\Users\РђСЂСЃРµРЅРёР№ Р’ Р“РёСЃРёС‡\AppData\Local\Programs\MiKTeX\tex/latex/
graphics-def\pdftex.def
File: pdftex.def 2020/10/05 v1.2a Graphics/color driver for pdftex
))
\Gin@req@height=\dimen172
\Gin@req@width=\dimen173
)
(C:\Users\РђСЂСЃРµРЅРёР№ Р’ Р“РёСЃРёС‡\AppData\Local\Programs\MiKTeX\tex/latex/
wrapfig\wrapfig.sty
\wrapoverhang=\dimen174
\WF@size=\dimen175
\c@WF@wrappedlines=\count291
\WF@box=\box53
\WF@everypar=\toks31
Package: wrapfig 2003/01/31  v 3.6
)
(C:\Users\РђСЂСЃРµРЅРёР№ Р’ Р“РёСЃРёС‡\AppData\Local\Programs\MiKTeX\tex/latex/
xcolor\xcolor.sty
Package: xcolor 2021/10/31 v2.13 LaTeX color extensions (UK)

(C:\Users\РђСЂСЃРµРЅРёР№ Р’ Р“РёСЃРёС‡\AppData\Local\Programs\MiKTeX\tex/latex/
graphics-cfg\color.cfg
File: color.cfg 2016/01/02 v1.6 sample color configuration
)
Package xcolor Info: Driver file: pdftex.def on input line 227.
Package xcolor Info: Model `cmy' substituted by `cmy0' on input line 1352.
Package xcolor Info: Model `hsb' substituted by `rgb' on input line 1356.
Package xcolor Info: Model `RGB' extended on input line 1368.
Package xcolor Info: Model `HTML' substituted by `rgb' on input line 1370.
Package xcolor Info: Model `Hsb' substituted by `hsb' on input line 1371.
Package xcolor Info: Model `tHsb' substituted by `hsb' on input line 1372.
Package xcolor Info: Model `HSB' substituted by `hsb' on input line 1373.
Package xcolor Info: Model `Gray' substituted by `gray' on input line 1374.
Package xcolor Info: Model `wave' substituted by `hsb' on input line 1375.
)
Package hyperref Info: Option `colorlinks' set `true' on input line 23.

(C:\Users\РђСЂСЃРµРЅРёР№ Р’ Р“РёСЃРёС‡\AppData\Local\Programs\MiKTeX\tex/latex/
l3backend\l3backend-pdftex.def
File: l3backend-pdftex.def 2022-02-07 L3 backend support: PDF output (pdfTeX)
\l__color_backend_stack_int=\count292
\l__pdf_internal_box=\box54
) (2.3.1.aux)
\openout1 = `2.3.1.aux'.

LaTeX Font Info:    Checking defaults for OML/cmm/m/it on input line 30.
LaTeX Font Info:    ... okay on input line 30.
LaTeX Font Info:    Checking defaults for OMS/cmsy/m/n on input line 30.
LaTeX Font Info:    ... okay on input line 30.
LaTeX Font Info:    Checking defaults for OT1/cmr/m/n on input line 30.
LaTeX Font Info:    ... okay on input line 30.
LaTeX Font Info:    Checking defaults for T1/cmr/m/n on input line 30.
LaTeX Font Info:    ... okay on input line 30.
LaTeX Font Info:    Checking defaults for TS1/cmr/m/n on input line 30.
LaTeX Font Info:    ... okay on input line 30.
LaTeX Font Info:    Checking defaults for OMX/cmex/m/n on input line 30.
LaTeX Font Info:    ... okay on input line 30.
LaTeX Font Info:    Checking defaults for U/cmr/m/n on input line 30.
LaTeX Font Info:    ... okay on input line 30.
LaTeX Font Info:    Checking defaults for PD1/pdf/m/n on input line 30.
LaTeX Font Info:    ... okay on input line 30.
LaTeX Font Info:    Checking defaults for PU/pdf/m/n on input line 30.
LaTeX Font Info:    ... okay on input line 30.
LaTeX Font Info:    Checking defaults for T2A/cmr/m/n on input line 30.
LaTeX Font Info:    ... okay on input line 30.
Package hyperref Info: Link coloring ON on input line 30.

(C:\Users\РђСЂСЃРµРЅРёР№ Р’ Р“РёСЃРёС‡\AppData\Local\Programs\MiKTeX\tex/latex/
hyperref\nameref.sty
Package: nameref 2021-04-02 v2.47 Cross-referencing by name of section

(C:\Users\РђСЂСЃРµРЅРёР№ Р’ Р“РёСЃРёС‡\AppData\Local\Programs\MiKTeX\tex/latex/
refcount\refcount.sty
Package: refcount 2019/12/15 v3.6 Data extraction from label references (HO)
)
(C:\Users\РђСЂСЃРµРЅРёР№ Р’ Р“РёСЃРёС‡\AppData\Local\Programs\MiKTeX\tex/generi
c/gettitlestring\gettitlestring.sty
Package: gettitlestring 2019/12/15 v1.6 Cleanup title references (HO)
)
\c@section@level=\count293
)
LaTeX Info: Redefining \ref on input line 30.
LaTeX Info: Redefining \pageref on input line 30.
LaTeX Info: Redefining \nameref on input line 30.
 (2.3.1.out) (2.3.1.out)
\@outlinefile=\write3
\openout3 = `2.3.1.out'.

LaTeX Info: Redefining \th on input line 30.
LaTeX Info: Redefining \celsius on input line 30.
Package gensymb Info: Faking symbols for \degree and \celsius on input line 30.



Package gensymb Warning: Not defining \perthousand.

LaTeX Info: Redefining \ohm on input line 30.
Package gensymb Info: Using \Omega for \ohm on input line 30.

Package gensymb Warning: Not defining \micro.

*geometry* driver: auto-detecting
*geometry* detected driver: pdftex
*geometry* verbose mode - [ preamble ] result:
* driver: pdftex
* paper: a4paper
* layout: <same size as paper>
* layoutoffset:(h,v)=(0.0pt,0.0pt)
* modes: 
* h-part:(L,W,R)=(56.9055pt, 483.69687pt, 56.9055pt)
* v-part:(T,H,B)=(56.9055pt, 731.23584pt, 56.9055pt)
* \paperwidth=597.50787pt
* \paperheight=845.04684pt
* \textwidth=483.69687pt
* \textheight=731.23584pt
* \oddsidemargin=-15.36449pt
* \evensidemargin=-15.36449pt
* \topmargin=-52.36449pt
* \headheight=12.0pt
* \headsep=25.0pt
* \topskip=12.0pt
* \footskip=30.0pt
* \marginparwidth=35.0pt
* \marginparsep=10.0pt
* \columnsep=10.0pt
* \skip\footins=10.8pt plus 4.0pt minus 2.0pt
* \hoffset=0.0pt
* \voffset=0.0pt
* \mag=1000
* \@twocolumnfalse
* \@twosidefalse
* \@mparswitchfalse
* \@reversemarginfalse
* (1in=72.27pt=25.4mm, 1cm=28.453pt)


(C:\Users\РђСЂСЃРµРЅРёР№ Р’ Р“РёСЃРёС‡\AppData\Local\Programs\MiKTeX\tex/contex
t/base/mkii\supp-pdf.mkii
[Loading MPS to PDF converter (version 2006.09.02).]
\scratchcounter=\count294
\scratchdimen=\dimen176
\scratchbox=\box55
\nofMPsegments=\count295
\nofMParguments=\count296
\everyMPshowfont=\toks32
\MPscratchCnt=\count297
\MPscratchDim=\dimen177
\MPnumerator=\count298
\makeMPintoPDFobject=\count299
\everyMPtoPDFconversion=\toks33
)
(C:\Users\РђСЂСЃРµРЅРёР№ Р’ Р“РёСЃРёС‡\AppData\Local\Programs\MiKTeX\tex/latex/
epstopdf-pkg\epstopdf-base.sty
Package: epstopdf-base 2020-01-24 v2.11 Base part for package epstopdf
Package epstopdf-base Info: Redefining graphics rule for `.eps' on input line 4
85.

(C:\Users\РђСЂСЃРµРЅРёР№ Р’ Р“РёСЃРёС‡\AppData\Local\Programs\MiKTeX\tex/latex/
00miktex\epstopdf-sys.cfg
File: epstopdf-sys.cfg 2021/03/18 v2.0 Configuration of epstopdf for MiKTeX
)) [1

{C:/Users/РђСЂСЃРµРЅРёР№ Р’ Р“РёСЃРёС‡/AppData/Local/MiKTeX/fonts/map/pdftex/pd
ftex.map}]
LaTeX Font Info:    Trying to load font information for OML+cmr on input line 6
3.

(C:\Users\РђСЂСЃРµРЅРёР№ Р’ Р“РёСЃРёС‡\AppData\Local\Programs\MiKTeX\tex/latex/
base\omlcmr.fd
File: omlcmr.fd 2019/12/16 v2.5j Standard LaTeX font definitions
)

LaTeX Font Warning: Font shape `OML/cmr/m/up' undefined
(Font)              using `OML/cmr/m/it' instead on input line 63.

LaTeX Font Info:    Font shape `OML/cmr/m/it' in size <12> not available
(Font)              Font shape `OML/cmm/m/it' tried instead on input line 63.
LaTeX Font Info:    Font shape `OML/cmr/m/up' in size <8> not available
(Font)              Font shape `OML/cmm/m/it' tried instead on input line 63.
LaTeX Font Info:    Font shape `OML/cmr/m/up' in size <6> not available
(Font)              Font shape `OML/cmm/m/it' tried instead on input line 63.
LaTeX Font Info:    Trying to load font information for OMS+cmr on input line 6
3.

(C:\Users\РђСЂСЃРµРЅРёР№ Р’ Р“РёСЃРёС‡\AppData\Local\Programs\MiKTeX\tex/latex/
base\omscmr.fd
File: omscmr.fd 2019/12/16 v2.5j Standard LaTeX font definitions
)

LaTeX Font Warning: Font shape `OMS/cmr/m/up' undefined
(Font)              using `OMS/cmr/m/n' instead on input line 63.

LaTeX Font Info:    Font shape `OMS/cmr/m/n' in size <12> not available
(Font)              Font shape `OMS/cmsy/m/n' tried instead on input line 63.
LaTeX Font Info:    Font shape `OMS/cmr/m/up' in size <8> not available
(Font)              Font shape `OMS/cmsy/m/n' tried instead on input line 63.
LaTeX Font Info:    Font shape `OMS/cmr/m/up' in size <6> not available
(Font)              Font shape `OMS/cmsy/m/n' tried instead on input line 63.
LaTeX Font Info:    Trying to load font information for U+msa on input line 63.


(C:\Users\РђСЂСЃРµРЅРёР№ Р’ Р“РёСЃРёС‡\AppData\Local\Programs\MiKTeX\tex/latex/
amsfonts\umsa.fd
File: umsa.fd 2013/01/14 v3.01 AMS symbols A
)
LaTeX Font Info:    Trying to load font information for U+msb on input line 63.


(C:\Users\РђСЂСЃРµРЅРёР№ Р’ Р“РёСЃРёС‡\AppData\Local\Programs\MiKTeX\tex/latex/
amsfonts\umsb.fd
File: umsb.fd 2013/01/14 v3.01 AMS symbols B
)
LaTeX Font Info:    Trying to load font information for U+rsfs on input line 63
.

(C:\Users\РђСЂСЃРµРЅРёР№ Р’ Р“РёСЃРёС‡\AppData\Local\Programs\MiKTeX\tex/latex/
jknappen\ursfs.fd
File: ursfs.fd 1998/03/24 rsfs font definition file (jk)
)

Package mathtext Warning: letter `cyrs' used in math mode on input line 65.


Package mathtext Warning: letter `cyrm' used in math mode on input line 65.


Package mathtext Warning: letter `cyra' used in math mode on input line 70.


Package mathtext Warning: letter `cyrt' used in math mode on input line 70.


Package mathtext Warning: letter `cyrm' used in math mode on input line 70.

<1.png, id=57, 191.0337pt x 83.23096pt>
File: 1.png Graphic file (type png)
<use 1.png>
Package pdftex.def Info: 1.png  used on input line 80.
(pdftex.def)             Requested size: 483.69687pt x 210.74258pt.
<2.png, id=59, 698.00775pt x 251.7405pt>
File: 2.png Graphic file (type png)
<use 2.png>
Package pdftex.def Info: 2.png  used on input line 90.
(pdftex.def)             Requested size: 483.69687pt x 174.44632pt.

LaTeX Warning: `!h' float specifier changed to `!ht'.

[2 <./1.png>]
Overfull \hbox (20.60161pt too wide) in paragraph at lines 98--99
[]\T2A/cmr/bx/n/12 Быстрота от-ка-чи-ва-ю-ще-го дей-ствия \T2A/cmr/m/n/12 (ско-
рость от-кач-ки) ва-ку-ум-ной си-сте-мы $\OML/cmm/m/it/12 S\OT1/cmr/m/n/12 [\OM
L/cmm/m/it/12 L[]T[]\OT1/cmr/m/n/12 ]$
 []

[3 <./2.png>]

Package mathtext Warning: letter `cyrn' used in math mode on input line 115.


Package mathtext Warning: letter `cyrn' used in math mode on input line 116.


Package mathtext Warning: letter `cyrk' used in math mode on input line 116.


Package mathtext Warning: letter `cyrn' used in math mode on input line 116.


Package mathtext Warning: letter `cyrn' used in math mode on input line 117.


Package mathtext Warning: letter `cyrk' used in math mode on input line 117.


Package mathtext Warning: letter `cyrn' used in math mode on input line 118.


Package mathtext Warning: letter `cyrn' used in math mode on input line 121.


Package mathtext Warning: letter `cyrn' used in math mode on input line 121.


Package mathtext Warning: letter `cyrn' used in math mode on input line 121.

[4]
Underfull \hbox (badness 10000) in paragraph at lines 182--187

 []

[5]
<3.png, id=103, 666.69075pt x 454.0965pt>
File: 3.png Graphic file (type png)
<use 3.png>
Package pdftex.def Info: 3.png  used on input line 190.
(pdftex.def)             Requested size: 241.84843pt x 164.72182pt.

Underfull \hbox (badness 10000) in paragraph at lines 195--196

 []

<4.png, id=105, 436.029pt x 130.086pt>
File: 4.png Graphic file (type png)
<use 4.png>
Package pdftex.def Info: 4.png  used on input line 201.
(pdftex.def)             Requested size: 435.32422pt x 129.8832pt.

Underfull \hbox (badness 10000) in paragraph at lines 206--207

 []

[6 <./3.png> <./4.png>]
<5.png, id=114, 295.1025pt x 269.808pt>
File: 5.png Graphic file (type png)
<use 5.png>
Package pdftex.def Info: 5.png  used on input line 210.
(pdftex.def)             Requested size: 193.47578pt x 176.89638pt.
<6.png, id=115, 207.174pt x 433.62pt>
File: 6.png Graphic file (type png)
<use 6.png>
Package pdftex.def Info: 6.png  used on input line 219.
(pdftex.def)             Requested size: 113.81145pt x 238.20723pt.

Underfull \hbox (badness 4492) in paragraph at lines 225--227
[][]\T2A/cmr/m/n/12 Диффузионный на-сос, ис-поль-зу-е-мый в на-шей уста-
 []


Underfull \hbox (badness 3536) in paragraph at lines 225--227
\T2A/cmr/m/n/12 нов-ке (см. рис 1) име-ет две сту-пе-ни и со-от-вет-ствен-
 []


Underfull \hbox (badness 4193) in paragraph at lines 225--227
\T2A/cmr/m/n/12 но два соп-ла. Од-но сопло вер-ти-каль-ное (пер-вая сту-
 []


Underfull \hbox (badness 2142) in paragraph at lines 225--227
\T2A/cmr/m/n/12 пень), вто-рое го-ри-зон-таль-ное (вто-рая сту-пень). За вто-
 []


Underfull \hbox (badness 1859) in paragraph at lines 225--227
\T2A/cmr/m/n/12 рой сту-пе-нью име-ет-ся ещј од-на печь, но пар из этой
 []


Underfull \hbox (badness 2828) in paragraph at lines 225--227
\T2A/cmr/m/n/12 пе-чи по-сту-па-ет не в сопло, а по тон-кой труб-ке под-
 []


Underfull \hbox (badness 1852) in paragraph at lines 225--227
\T2A/cmr/m/n/12 во-дит-ся бли-же к печ-ке пер-вой сту-пе-ни. Эта печь осу-
 []


Underfull \hbox (badness 1082) in paragraph at lines 225--227
\T2A/cmr/m/n/12 ществ-ля-ет фрак-ци-о-ни-ро-ва-ние мас-ла. Лег-ко-ле-ту-чие фра
к-
 []


Underfull \hbox (badness 7613) in paragraph at lines 225--227
\T2A/cmr/m/n/12 ции мас-ла, ис-па-ря-ясь, по-сту-па-ют в первую сту-пень,
 []


Underfull \hbox (badness 5022) in paragraph at lines 225--227
\T2A/cmr/m/n/12 обо-га-щая еј. По этой при-чине плот-ность струи пер-
 []


Underfull \hbox (badness 7433) in paragraph at lines 225--227
\T2A/cmr/m/n/12 вой сту-пе-ни вы-ше, и эта сту-пень на-чи-на-ет от-ка-чи-
 []


Underfull \hbox (badness 1824) in paragraph at lines 225--227
\T2A/cmr/m/n/12 вать при бо-лее вы-со-ком дав-ле-нии в фор-ва-ку-ум-ной ча-
 []


Underfull \hbox (badness 4660) in paragraph at lines 225--227
\T2A/cmr/m/n/12 сти. Вто-рая сту-пень обо-га-ща-ет-ся ма-ло-ле-ту-чи-ми фрак-
 []


Underfull \hbox (badness 1728) in paragraph at lines 225--227
\T2A/cmr/m/n/12 ци-я-ми мас-ла. Плот-ность струи вто-рой сту-пе-ни мень-ше,
 []


Underfull \hbox (badness 3118) in paragraph at lines 225--227
\T2A/cmr/m/n/12 ла, и его уда-јт-ся от-ка-чать до бо-лее вы-со-ко-го ва-ку-у-
 []


Underfull \hbox (badness 10000) in paragraph at lines 225--227

 []


Underfull \hbox (badness 10000) in paragraph at lines 228--229

 []

[7 <./5.png> <./6.png>]
Underfull \hbox (badness 10000) in paragraph at lines 230--231

 []

<7.png, id=125, 396.88275pt x 352.9185pt>
File: 7.png Graphic file (type png)
<use 7.png>
Package pdftex.def Info: 7.png  used on input line 234.
(pdftex.def)             Requested size: 241.84843pt x 215.05917pt.
<8.png, id=126, 393.26926pt x 485.4135pt>
File: 8.png Graphic file (type png)
<use 8.png>
Package pdftex.def Info: 8.png  used on input line 241.
(pdftex.def)             Requested size: 142.26378pt x 175.5931pt.

Underfull \hbox (badness 2088) in paragraph at lines 247--248
\T2A/cmr/m/n/12 ле-кул ста-но-вит-ся срав-ни-мым с диа-мет-ром ни-ти, теп-ло-
 []


Underfull \hbox (badness 1603) in paragraph at lines 247--248
\T2A/cmr/m/n/12 у-ме по-ряд-ка $\OT1/cmr/m/n/12 10[]$ \T2A/cmr/m/n/12 торр теп-
ло-от-вод, осу-ществ-ля-е-мый га-
 []


Underfull \hbox (badness 5231) in paragraph at lines 247--248
\T2A/cmr/m/n/12 зом, ста-но-вит-ся срав-ни-мым с дру-ги-ми по-те-ря-ми теп-
 []


Underfull \hbox (badness 3343) in paragraph at lines 247--248
\T2A/cmr/m/n/12 ла, и тем-пе-ра-ту-ра ста-но-вит-ся прак-ти-че-ски по-сто-ян-но
й.
 []


Underfull \hbox (badness 5954) in paragraph at lines 247--248
\T2A/cmr/m/n/12 Гра-ду-и-ро-воч-ная кри-вая тер-мо-па-ры при-ве-де-на на рис.
 []


Underfull \hbox (badness 10000) in paragraph at lines 247--248

 []


Underfull \hbox (badness 10000) in paragraph at lines 249--250

 []


Underfull \hbox (badness 10000) in paragraph at lines 251--252

 []

[8 <./7.png> <./8.png>]

Package mathtext Warning: letter `cyrm' used in math mode on input line 257.


Package mathtext Warning: letter `cyra' used in math mode on input line 257.


Package mathtext Warning: letter `cyrs' used in math mode on input line 257.


Package mathtext Warning: letter `cyrl' used in math mode on input line 257.


Package mathtext Warning: letter `cyrm' used in math mode on input line 257.


Package mathtext Warning: letter `cyra' used in math mode on input line 257.


Package mathtext Warning: letter `cyrn' used in math mode on input line 257.


Package mathtext Warning: letter `cyro' used in math mode on input line 257.


Package mathtext Warning: letter `cyrm' used in math mode on input line 257.


Package mathtext Warning: letter `cyrs' used in math mode on input line 257.


Package mathtext Warning: letter `cyrm' used in math mode on input line 257.


Package mathtext Warning: letter `cyrk' used in math mode on input line 265.


Package mathtext Warning: letter `CYRP' used in math mode on input line 265.


Package mathtext Warning: letter `cyra' used in math mode on input line 265.


Package mathtext Warning: letter `cyrk' used in math mode on input line 266.


Package mathtext Warning: letter `cyra' used in math mode on input line 266.


Package mathtext Warning: letter `cyrp' used in math mode on input line 266.


Package mathtext Warning: letter `cyrs' used in math mode on input line 266.


Package mathtext Warning: letter `cyrm' used in math mode on input line 266.


Package mathtext Warning: letter `cyrs' used in math mode on input line 267.


Package mathtext Warning: letter `cyrm' used in math mode on input line 267.


Package mathtext Warning: letter `cyrk' used in math mode on input line 268.


Package mathtext Warning: letter `cyra' used in math mode on input line 268.


Package mathtext Warning: letter `cyrp' used in math mode on input line 268.


Package mathtext Warning: letter `cyrm' used in math mode on input line 268.


Package mathtext Warning: letter `cyrm' used in math mode on input line 268.


Package mathtext Warning: letter `cyrm' used in math mode on input line 269.


Package mathtext Warning: letter `cyra' used in math mode on input line 269.


Package mathtext Warning: letter `cyrs' used in math mode on input line 269.


Package mathtext Warning: letter `cyrl' used in math mode on input line 269.


Package mathtext Warning: letter `cyra' used in math mode on input line 269.


Package mathtext Warning: letter `cyrg' used in math mode on input line 269.


Package mathtext Warning: letter `cyrs' used in math mode on input line 269.


Package mathtext Warning: letter `cyrm' used in math mode on input line 269.


Underfull \hbox (badness 10000) in paragraph at lines 264--271

 []


Package mathtext Warning: letter `cyrs' used in math mode on input line 277.


Package mathtext Warning: letter `cyrm' used in math mode on input line 277.


Package mathtext Warning: letter `cyrs' used in math mode on input line 278.


Package mathtext Warning: letter `cyrm' used in math mode on input line 278.


Package mathtext Warning: letter `cyrf' used in math mode on input line 279.


Package mathtext Warning: letter `cyrv' used in math mode on input line 279.


Package mathtext Warning: letter `cyrs' used in math mode on input line 279.


Package mathtext Warning: letter `cyrm' used in math mode on input line 279.


Underfull \hbox (badness 10000) in paragraph at lines 276--281

 []


Package mathtext Warning: letter `cyrf' used in math mode on input line 283.


Package mathtext Warning: letter `cyrv' used in math mode on input line 283.


Package mathtext Warning: letter `cyrf' used in math mode on input line 283.


Package mathtext Warning: letter `cyrv' used in math mode on input line 283.


Package mathtext Warning: letter `CYRP' used in math mode on input line 283.


Package mathtext Warning: letter `cyra' used in math mode on input line 283.


Package mathtext Warning: letter `cyrf' used in math mode on input line 286.


Package mathtext Warning: letter `cyrv' used in math mode on input line 286.


Package mathtext Warning: letter `cyrf' used in math mode on input line 286.


Package mathtext Warning: letter `cyrv' used in math mode on input line 286.


Package mathtext Warning: letter `cyra' used in math mode on input line 286.


Package mathtext Warning: letter `cyrt' used in math mode on input line 286.


Package mathtext Warning: letter `cyrm' used in math mode on input line 286.


Package mathtext Warning: letter `cyrk' used in math mode on input line 286.


Package mathtext Warning: letter `cyra' used in math mode on input line 286.


Package mathtext Warning: letter `cyrp' used in math mode on input line 286.


Package mathtext Warning: letter `cyrf' used in math mode on input line 286.


Package mathtext Warning: letter `cyrv' used in math mode on input line 286.


Package mathtext Warning: letter `cyra' used in math mode on input line 286.


Package mathtext Warning: letter `cyrt' used in math mode on input line 286.


Package mathtext Warning: letter `cyrm' used in math mode on input line 286.


Package mathtext Warning: letter `cyrk' used in math mode on input line 286.


Package mathtext Warning: letter `cyra' used in math mode on input line 286.


Package mathtext Warning: letter `cyrp' used in math mode on input line 286.


Package mathtext Warning: letter `cyrf' used in math mode on input line 286.


Package mathtext Warning: letter `cyrv' used in math mode on input line 286.


Package mathtext Warning: letter `cyrf' used in math mode on input line 289.


Package mathtext Warning: letter `cyrv' used in math mode on input line 289.


Package mathtext Warning: letter `cyra' used in math mode on input line 289.


Package mathtext Warning: letter `cyrt' used in math mode on input line 289.


Package mathtext Warning: letter `cyrm' used in math mode on input line 289.


Package mathtext Warning: letter `cyra' used in math mode on input line 289.


Package mathtext Warning: letter `cyrt' used in math mode on input line 289.


Package mathtext Warning: letter `cyrm' used in math mode on input line 289.


Package mathtext Warning: letter `cyrf' used in math mode on input line 289.


Package mathtext Warning: letter `cyrv' used in math mode on input line 289.


Package mathtext Warning: letter `cyrf' used in math mode on input line 289.


Package mathtext Warning: letter `cyrv' used in math mode on input line 289.


Package mathtext Warning: letter `cyrf' used in math mode on input line 289.


Package mathtext Warning: letter `cyrv' used in math mode on input line 289.


Package mathtext Warning: letter `cyrf' used in math mode on input line 291.


Package mathtext Warning: letter `cyrv' used in math mode on input line 291.


Package mathtext Warning: letter `cyrl' used in math mode on input line 291.


Package mathtext Warning: letter `cyrs' used in math mode on input line 296.


Package mathtext Warning: letter `cyrm' used in math mode on input line 296.


Package mathtext Warning: letter `cyrs' used in math mode on input line 297.


Package mathtext Warning: letter `cyrm' used in math mode on input line 297.


Package mathtext Warning: letter `cyrp' used in math mode on input line 298.


Package mathtext Warning: letter `cyro' used in math mode on input line 298.


Package mathtext Warning: letter `cyrl' used in math mode on input line 298.


Package mathtext Warning: letter `cyrn' used in math mode on input line 298.


Package mathtext Warning: letter `cyrs' used in math mode on input line 298.


Package mathtext Warning: letter `cyrm' used in math mode on input line 298.


Underfull \hbox (badness 10000) in paragraph at lines 295--300

 []


Package mathtext Warning: letter `cyrp' used in math mode on input line 302.


Package mathtext Warning: letter `cyro' used in math mode on input line 302.


Package mathtext Warning: letter `cyrl' used in math mode on input line 302.


Package mathtext Warning: letter `cyrn' used in math mode on input line 302.


Package mathtext Warning: letter `CYRP' used in math mode on input line 302.


Package mathtext Warning: letter `cyra' used in math mode on input line 302.


Package mathtext Warning: letter `cyrp' used in math mode on input line 304.


Package mathtext Warning: letter `cyro' used in math mode on input line 304.


Package mathtext Warning: letter `cyrl' used in math mode on input line 304.


Package mathtext Warning: letter `cyrn' used in math mode on input line 304.


Package mathtext Warning: letter `cyrl' used in math mode on input line 304.


Package mathtext Warning: letter `cyrv' used in math mode on input line 304.


Package mathtext Warning: letter `cyrv' used in math mode on input line 304.


Package mathtext Warning: letter `cyrp' used in math mode on input line 304.


Package mathtext Warning: letter `cyro' used in math mode on input line 304.


Package mathtext Warning: letter `cyrl' used in math mode on input line 304.


Package mathtext Warning: letter `cyrn' used in math mode on input line 304.


Package mathtext Warning: letter `cyrf' used in math mode on input line 304.


Package mathtext Warning: letter `cyrv' used in math mode on input line 304.


Package mathtext Warning: letter `cyrl' used in math mode on input line 304.

[9]

Package mathtext Warning: letter `cyrp' used in math mode on input line 308.


Package mathtext Warning: letter `cyrr' used in math mode on input line 308.


Package mathtext Warning: letter `cyrm' used in math mode on input line 308.


Package mathtext Warning: letter `cyrm' used in math mode on input line 308.


Package mathtext Warning: letter `cyrr' used in math mode on input line 308.


Package mathtext Warning: letter `cyrt' used in math mode on input line 308.


Package mathtext Warning: letter `cyrs' used in math mode on input line 308.


Package mathtext Warning: letter `cyrt' used in math mode on input line 308.

<2.3.1_1.png, id=143, 722.7pt x 433.62pt>
File: 2.3.1_1.png Graphic file (type png)
<use 2.3.1_1.png>
Package pdftex.def Info: 2.3.1_1.png  used on input line 312.
(pdftex.def)             Requested size: 542.02367pt x 325.2142pt.

Overfull \hbox (58.3268pt too wide) in paragraph at lines 312--313
[]  
 []


Package mathtext Warning: letter `cyrv' used in math mode on input line 319.


Package mathtext Warning: letter `cyrv' used in math mode on input line 319.


Package mathtext Warning: letter `cyrv' used in math mode on input line 323.


Package mathtext Warning: letter `cyrv' used in math mode on input line 323.


Package mathtext Warning: letter `cyrv' used in math mode on input line 323.


Package mathtext Warning: letter `cyrv' used in math mode on input line 323.


Package mathtext Warning: letter `cyrl' used in math mode on input line 326.


Package mathtext Warning: letter `cyrs' used in math mode on input line 326.

<2.3.1_2.png, id=145, 722.7pt x 433.62pt>
File: 2.3.1_2.png Graphic file (type png)
<use 2.3.1_2.png>
Package pdftex.def Info: 2.3.1_2.png  used on input line 332.
(pdftex.def)             Requested size: 542.02367pt x 325.2142pt.

Overfull \hbox (58.3268pt too wide) in paragraph at lines 332--333
[]  
 []


LaTeX Warning: `!h' float specifier changed to `!ht'.


Package mathtext Warning: letter `cyrv' used in math mode on input line 338.


Package mathtext Warning: letter `cyrv' used in math mode on input line 338.


Package mathtext Warning: letter `cyrd' used in math mode on input line 338.


Package mathtext Warning: letter `cyrn' used in math mode on input line 338.


Package mathtext Warning: letter `cyrn' used in math mode on input line 338.

[10 <./2.3.1_1.png>]

Package mathtext Warning: letter `cyrd' used in math mode on input line 341.


Package mathtext Warning: letter `cyrn' used in math mode on input line 341.


Package mathtext Warning: letter `cyrv' used in math mode on input line 341.


Package mathtext Warning: letter `cyrv' used in math mode on input line 341.


Package mathtext Warning: letter `cyrv' used in math mode on input line 341.


Package mathtext Warning: letter `cyrv' used in math mode on input line 341.


Package mathtext Warning: letter `cyrv' used in math mode on input line 341.


Package mathtext Warning: letter `cyrv' used in math mode on input line 341.


Package mathtext Warning: letter `cyrn' used in math mode on input line 343.


Package mathtext Warning: letter `cyrd' used in math mode on input line 343.


Package mathtext Warning: letter `CYRP' used in math mode on input line 343.


Package mathtext Warning: letter `cyra' used in math mode on input line 343.


Package mathtext Warning: letter `cyrl' used in math mode on input line 343.


Package mathtext Warning: letter `cyrs' used in math mode on input line 343.


Package mathtext Warning: letter `cyrd' used in math mode on input line 345.


Package mathtext Warning: letter `cyrn' used in math mode on input line 345.


Package mathtext Warning: letter `cyrd' used in math mode on input line 345.


Package mathtext Warning: letter `cyrn' used in math mode on input line 345.


Package mathtext Warning: letter `cyrn' used in math mode on input line 345.


Package mathtext Warning: letter `cyrn' used in math mode on input line 346.


Package mathtext Warning: letter `CYRP' used in math mode on input line 346.


Package mathtext Warning: letter `cyra' used in math mode on input line 346.


Package mathtext Warning: letter `cyrl' used in math mode on input line 346.


Package mathtext Warning: letter `cyrs' used in math mode on input line 346.


Package mathtext Warning: letter `cyrm' used in math mode on input line 348.


Package mathtext Warning: letter `cyrm' used in math mode on input line 348.


Package mathtext Warning: letter `cyrm' used in math mode on input line 348.


Package mathtext Warning: letter `cyrs' used in math mode on input line 348.


Package mathtext Warning: letter `cyrl' used in math mode on input line 349.


Package mathtext Warning: letter `cyrs' used in math mode on input line 349.


Package mathtext Warning: letter `cyru' used in math mode on input line 352.


Package mathtext Warning: letter `cyrs' used in math mode on input line 352.


Package mathtext Warning: letter `cyrt' used in math mode on input line 352.


Package mathtext Warning: letter `cyrp' used in math mode on input line 352.


Package mathtext Warning: letter `cyrr' used in math mode on input line 352.


Package mathtext Warning: letter `cyru' used in math mode on input line 352.


Package mathtext Warning: letter `cyrs' used in math mode on input line 352.


Package mathtext Warning: letter `cyrt' used in math mode on input line 352.


Package mathtext Warning: letter `cyrm' used in math mode on input line 352.


Package mathtext Warning: letter `cyrm' used in math mode on input line 352.


Package mathtext Warning: letter `cyrr' used in math mode on input line 352.


Package mathtext Warning: letter `cyrt' used in math mode on input line 352.


Package mathtext Warning: letter `cyrs' used in math mode on input line 352.


Package mathtext Warning: letter `cyrt' used in math mode on input line 352.


Package mathtext Warning: letter `cyrf' used in math mode on input line 352.


Package mathtext Warning: letter `cyrv' used in math mode on input line 352.


Package mathtext Warning: letter `cyrm' used in math mode on input line 352.


Package mathtext Warning: letter `cyrm' used in math mode on input line 352.


Package mathtext Warning: letter `cyrr' used in math mode on input line 352.


Package mathtext Warning: letter `cyrt' used in math mode on input line 352.


Package mathtext Warning: letter `cyrs' used in math mode on input line 352.


Package mathtext Warning: letter `cyrt' used in math mode on input line 352.

[11 <./2.3.1_2.png>]

Package mathtext Warning: letter `cyrk' used in math mode on input line 355.


Package mathtext Warning: letter `cyra' used in math mode on input line 355.


Package mathtext Warning: letter `cyrp' used in math mode on input line 355.


Package mathtext Warning: letter `cyrl' used in math mode on input line 361.


Package mathtext Warning: letter `cyrs' used in math mode on input line 361.


Package mathtext Warning: letter `cyrl' used in math mode on input line 368.


Package mathtext Warning: letter `cyrs' used in math mode on input line 368.


Package mathtext Warning: letter `cyru' used in math mode on input line 369.


Package mathtext Warning: letter `cyrs' used in math mode on input line 369.


Package mathtext Warning: letter `cyrt' used in math mode on input line 369.


Package mathtext Warning: letter `cyrp' used in math mode on input line 369.


Package mathtext Warning: letter `cyrr' used in math mode on input line 369.

[12] (2.3.1.aux)

LaTeX Font Warning: Some font shapes were not available, defaults substituted.

Package rerunfilecheck Info: File `2.3.1.out' has not changed.
(rerunfilecheck)             Checksum: E26B460217FE01D5A5D084B8912C71FE;3369.
 ) 
Here is how much of TeX's memory you used:
 13666 strings out of 478582
 221253 string characters out of 2833452
 516324 words of memory out of 3000000
 31578 multiletter control sequences out of 15000+600000
 483829 words of font info for 61 fonts, out of 8000000 for 9000
 1141 hyphenation exceptions out of 8191
 60i,11n,63p,1113b,449s stack positions out of 10000i,1000n,20000p,200000b,80000s
 <C:\Users\РђСЂСЃРµРЅРёР№ Р’ Р“РёСЃРёС‡\AppData\Local\MiKTeX\fonts/pk/ljfour/
lh/lh-t2a/dpi600\lati0600.pk> <C:\Users\РђСЂСЃРµРЅРёР№ Р’ Р“РёСЃРёС‡\AppData\Lo
cal\MiKTeX\fonts/pk/ljfour/jknappen/ec/dpi600\tcrm1200.pk> <C:\Users\РђСЂСЃРµРЅ
РёР№ Р’ Р“РёСЃРёС‡\AppData\Local\MiKTeX\fonts/pk/ljfour/lh/lh-t2a/dpi600\larm08
00.pk> <C:\Users\РђСЂСЃРµРЅРёР№ Р’ Р“РёСЃРёС‡\AppData\Local\MiKTeX\fonts/pk/ljf
our/lh/lh-t2a/dpi600\labx1200.pk> <C:\Users\РђСЂСЃРµРЅРёР№ Р’ Р“РёСЃРёС‡\AppDat
a\Local\MiKTeX\fonts/pk/ljfour/lh/lh-t2a/dpi600\labx1440.pk> <C:\Users\РђСЂСЃРµ
РЅРёР№ Р’ Р“РёСЃРёС‡\AppData\Local\MiKTeX\fonts/pk/ljfour/lh/lh-t2a/dpi600\lati
0800.pk> <C:\Users\РђСЂСЃРµРЅРёР№ Р’ Р“РёСЃРёС‡\AppData\Local\MiKTeX\fonts/pk/l
jfour/lh/lh-t2a/dpi600\lati1200.pk> <C:\Users\РђСЂСЃРµРЅРёР№ Р’ Р“РёСЃРёС‡\AppD
ata\Local\MiKTeX\fonts/pk/ljfour/lh/lh-t2a/dpi600\larm1200.pk> <C:\Users\РђСЂСЃ
РµРЅРёР№ Р’ Р“РёСЃРёС‡\AppData\Local\MiKTeX\fonts/pk/ljfour/lh/lh-t2a/dpi600\la
rm1728.pk> <C:\Users\РђСЂСЃРµРЅРёР№ Р’ Р“РёСЃРёС‡\AppData\Local\MiKTeX\fonts/pk
/ljfour/lh/lh-t2a/dpi600\labx1728.pk> <C:\Users\РђСЂСЃРµРЅРёР№ Р’ Р“РёСЃРёС‡\Ap
pData\Local\MiKTeX\fonts/pk/ljfour/lh/lh-t2a/dpi600\larm1440.pk><C:/Users/РђСЂС
ЃРµРЅРёР№ Р’ Р“РёСЃРёС‡/AppData/Local/Programs/MiKTeX/fonts/type1/public/amsfon
ts/cm/cmex10.pfb><C:/Users/РђСЂСЃРµРЅРёР№ Р’ Р“РёСЃРёС‡/AppData/Local/Programs/
MiKTeX/fonts/type1/public/amsfonts/cm/cmmi12.pfb><C:/Users/РђСЂСЃРµРЅРёР№ Р’ Р“
РёСЃРёС‡/AppData/Local/Programs/MiKTeX/fonts/type1/public/amsfonts/cm/cmmi8.pfb
><C:/Users/РђСЂСЃРµРЅРёР№ Р’ Р“РёСЃРёС‡/AppData/Local/Programs/MiKTeX/fonts/typ
e1/public/amsfonts/cm/cmr12.pfb><C:/Users/РђСЂСЃРµРЅРёР№ Р’ Р“РёСЃРёС‡/AppData/
Local/Programs/MiKTeX/fonts/type1/public/amsfonts/cm/cmr8.pfb><C:/Users/РђСЂСЃР
µРЅРёР№ Р’ Р“РёСЃРёС‡/AppData/Local/Programs/MiKTeX/fonts/type1/public/amsfonts
/cm/cmsy10.pfb><C:/Users/РђСЂСЃРµРЅРёР№ Р’ Р“РёСЃРёС‡/AppData/Local/Programs/Mi
KTeX/fonts/type1/public/amsfonts/cm/cmsy8.pfb>
Output written on 2.3.1.pdf (12 pages, 1245116 bytes).
PDF statistics:
 556 PDF objects out of 1000 (max. 8388607)
 47 named destinations out of 1000 (max. 500000)
 139 words of extra memory for PDF output out of 10000 (max. 10000000)

