This is pdfTeX, Version 3.141592653-2.6-1.40.24 (MiKTeX 22.1) (preloaded format=pdflatex 2022.2.9)  4 MAR 2022 21:54
entering extended mode
 restricted \write18 enabled.
 %&-line parsing enabled.
**./2.4.1.tex
(2.4.1.tex
LaTeX2e <2021-11-15> patch level 1
L3 programming layer <2022-02-05>
(C:\Users\–ê—Ä—Å–µ–Ω–∏–π –í –ì–∏—Å–∏—á\AppData\Local\Programs\MiKTeX\tex/latex/
base\article.cls
Document Class: article 2021/10/04 v1.4n Standard LaTeX document class

(C:\Users\–ê—Ä—Å–µ–Ω–∏–π –í –ì–∏—Å–∏—á\AppData\Local\Programs\MiKTeX\tex/latex/
base\size12.clo
File: size12.clo 2021/10/04 v1.4n Standard LaTeX file (size option)
)
\c@part=\count185
\c@section=\count186
\c@subsection=\count187
\c@subsubsection=\count188
\c@paragraph=\count189
\c@subparagraph=\count190
\c@figure=\count191
\c@table=\count192
\abovecaptionskip=\skip47
\belowcaptionskip=\skip48
\bibindent=\dimen138
)
(C:\Users\–ê—Ä—Å–µ–Ω–∏–π –í –ì–∏—Å–∏—á\AppData\Local\Programs\MiKTeX\tex/latex/
base\inputenc.sty
Package: inputenc 2021/02/14 v1.3d Input encoding file
\inpenc@prehook=\toks16
\inpenc@posthook=\toks17
)
(C:\Users\–ê—Ä—Å–µ–Ω–∏–π –í –ì–∏—Å–∏—á\AppData\Local\Programs\MiKTeX\tex/latex/
base\fontenc.sty
Package: fontenc 2021/04/29 v2.0v Standard LaTeX package

(C:\Users\–ê—Ä—Å–µ–Ω–∏–π –í –ì–∏—Å–∏—á\AppData\Local\Programs\MiKTeX\tex/latex/
cyrillic\t2aenc.def
File: t2aenc.def 2005/09/27 v1.0i Cyrillic encoding definition file
Now handling font encoding T2A ...
... processing UTF-8 mapping file for font encoding T2A

(C:\Users\–ê—Ä—Å–µ–Ω–∏–π –í –ì–∏—Å–∏—á\AppData\Local\Programs\MiKTeX\tex/latex/
base\t2aenc.dfu
File: t2aenc.dfu 2021/06/21 v1.2n UTF-8 support
   defining Unicode char U+00A4 (decimal 164)
   defining Unicode char U+00A7 (decimal 167)
   defining Unicode char U+00AB (decimal 171)
   defining Unicode char U+00BB (decimal 187)
   defining Unicode char U+0131 (decimal 305)
   defining Unicode char U+0237 (decimal 567)
   defining Unicode char U+0400 (decimal 1024)
   defining Unicode char U+0401 (decimal 1025)
   defining Unicode char U+0402 (decimal 1026)
   defining Unicode char U+0403 (decimal 1027)
   defining Unicode char U+0404 (decimal 1028)
   defining Unicode char U+0405 (decimal 1029)
   defining Unicode char U+0406 (decimal 1030)
   defining Unicode char U+0407 (decimal 1031)
   defining Unicode char U+0408 (decimal 1032)
   defining Unicode char U+0409 (decimal 1033)
   defining Unicode char U+040A (decimal 1034)
   defining Unicode char U+040B (decimal 1035)
   defining Unicode char U+040C (decimal 1036)
   defining Unicode char U+040D (decimal 1037)
   defining Unicode char U+040E (decimal 1038)
   defining Unicode char U+040F (decimal 1039)
   defining Unicode char U+0410 (decimal 1040)
   defining Unicode char U+0411 (decimal 1041)
   defining Unicode char U+0412 (decimal 1042)
   defining Unicode char U+0413 (decimal 1043)
   defining Unicode char U+0414 (decimal 1044)
   defining Unicode char U+0415 (decimal 1045)
   defining Unicode char U+0416 (decimal 1046)
   defining Unicode char U+0417 (decimal 1047)
   defining Unicode char U+0418 (decimal 1048)
   defining Unicode char U+0419 (decimal 1049)
   defining Unicode char U+041A (decimal 1050)
   defining Unicode char U+041B (decimal 1051)
   defining Unicode char U+041C (decimal 1052)
   defining Unicode char U+041D (decimal 1053)
   defining Unicode char U+041E (decimal 1054)
   defining Unicode char U+041F (decimal 1055)
   defining Unicode char U+0420 (decimal 1056)
   defining Unicode char U+0421 (decimal 1057)
   defining Unicode char U+0422 (decimal 1058)
   defining Unicode char U+0423 (decimal 1059)
   defining Unicode char U+0424 (decimal 1060)
   defining Unicode char U+0425 (decimal 1061)
   defining Unicode char U+0426 (decimal 1062)
   defining Unicode char U+0427 (decimal 1063)
   defining Unicode char U+0428 (decimal 1064)
   defining Unicode char U+0429 (decimal 1065)
   defining Unicode char U+042A (decimal 1066)
   defining Unicode char U+042B (decimal 1067)
   defining Unicode char U+042C (decimal 1068)
   defining Unicode char U+042D (decimal 1069)
   defining Unicode char U+042E (decimal 1070)
   defining Unicode char U+042F (decimal 1071)
   defining Unicode char U+0430 (decimal 1072)
   defining Unicode char U+0431 (decimal 1073)
   defining Unicode char U+0432 (decimal 1074)
   defining Unicode char U+0433 (decimal 1075)
   defining Unicode char U+0434 (decimal 1076)
   defining Unicode char U+0435 (decimal 1077)
   defining Unicode char U+0436 (decimal 1078)
   defining Unicode char U+0437 (decimal 1079)
   defining Unicode char U+0438 (decimal 1080)
   defining Unicode char U+0439 (decimal 1081)
   defining Unicode char U+043A (decimal 1082)
   defining Unicode char U+043B (decimal 1083)
   defining Unicode char U+043C (decimal 1084)
   defining Unicode char U+043D (decimal 1085)
   defining Unicode char U+043E (decimal 1086)
   defining Unicode char U+043F (decimal 1087)
   defining Unicode char U+0440 (decimal 1088)
   defining Unicode char U+0441 (decimal 1089)
   defining Unicode char U+0442 (decimal 1090)
   defining Unicode char U+0443 (decimal 1091)
   defining Unicode char U+0444 (decimal 1092)
   defining Unicode char U+0445 (decimal 1093)
   defining Unicode char U+0446 (decimal 1094)
   defining Unicode char U+0447 (decimal 1095)
   defining Unicode char U+0448 (decimal 1096)
   defining Unicode char U+0449 (decimal 1097)
   defining Unicode char U+044A (decimal 1098)
   defining Unicode char U+044B (decimal 1099)
   defining Unicode char U+044C (decimal 1100)
   defining Unicode char U+044D (decimal 1101)
   defining Unicode char U+044E (decimal 1102)
   defining Unicode char U+044F (decimal 1103)
   defining Unicode char U+0450 (decimal 1104)
   defining Unicode char U+0451 (decimal 1105)
   defining Unicode char U+0452 (decimal 1106)
   defining Unicode char U+0453 (decimal 1107)
   defining Unicode char U+0454 (decimal 1108)
   defining Unicode char U+0455 (decimal 1109)
   defining Unicode char U+0456 (decimal 1110)
   defining Unicode char U+0457 (decimal 1111)
   defining Unicode char U+0458 (decimal 1112)
   defining Unicode char U+0459 (decimal 1113)
   defining Unicode char U+045A (decimal 1114)
   defining Unicode char U+045B (decimal 1115)
   defining Unicode char U+045C (decimal 1116)
   defining Unicode char U+045D (decimal 1117)
   defining Unicode char U+045E (decimal 1118)
   defining Unicode char U+045F (decimal 1119)
   defining Unicode char U+0490 (decimal 1168)
   defining Unicode char U+0491 (decimal 1169)
   defining Unicode char U+0492 (decimal 1170)
   defining Unicode char U+0493 (decimal 1171)
   defining Unicode char U+0496 (decimal 1174)
   defining Unicode char U+0497 (decimal 1175)
   defining Unicode char U+0498 (decimal 1176)
   defining Unicode char U+0499 (decimal 1177)
   defining Unicode char U+049A (decimal 1178)
   defining Unicode char U+049B (decimal 1179)
   defining Unicode char U+049C (decimal 1180)
   defining Unicode char U+049D (decimal 1181)
   defining Unicode char U+04A0 (decimal 1184)
   defining Unicode char U+04A1 (decimal 1185)
   defining Unicode char U+04A2 (decimal 1186)
   defining Unicode char U+04A3 (decimal 1187)
   defining Unicode char U+04A4 (decimal 1188)
   defining Unicode char U+04A5 (decimal 1189)
   defining Unicode char U+04AA (decimal 1194)
   defining Unicode char U+04AB (decimal 1195)
   defining Unicode char U+04AE (decimal 1198)
   defining Unicode char U+04AF (decimal 1199)
   defining Unicode char U+04B0 (decimal 1200)
   defining Unicode char U+04B1 (decimal 1201)
   defining Unicode char U+04B2 (decimal 1202)
   defining Unicode char U+04B3 (decimal 1203)
   defining Unicode char U+04B6 (decimal 1206)
   defining Unicode char U+04B7 (decimal 1207)
   defining Unicode char U+04B8 (decimal 1208)
   defining Unicode char U+04B9 (decimal 1209)
   defining Unicode char U+04BA (decimal 1210)
   defining Unicode char U+04BB (decimal 1211)
   defining Unicode char U+04C0 (decimal 1216)
   defining Unicode char U+04C1 (decimal 1217)
   defining Unicode char U+04C2 (decimal 1218)
   defining Unicode char U+04D0 (decimal 1232)
   defining Unicode char U+04D1 (decimal 1233)
   defining Unicode char U+04D2 (decimal 1234)
   defining Unicode char U+04D3 (decimal 1235)
   defining Unicode char U+04D4 (decimal 1236)
   defining Unicode char U+04D5 (decimal 1237)
   defining Unicode char U+04D6 (decimal 1238)
   defining Unicode char U+04D7 (decimal 1239)
   defining Unicode char U+04D8 (decimal 1240)
   defining Unicode char U+04D9 (decimal 1241)
   defining Unicode char U+04DA (decimal 1242)
   defining Unicode char U+04DB (decimal 1243)
   defining Unicode char U+04DC (decimal 1244)
   defining Unicode char U+04DD (decimal 1245)
   defining Unicode char U+04DE (decimal 1246)
   defining Unicode char U+04DF (decimal 1247)
   defining Unicode char U+04E2 (decimal 1250)
   defining Unicode char U+04E3 (decimal 1251)
   defining Unicode char U+04E4 (decimal 1252)
   defining Unicode char U+04E5 (decimal 1253)
   defining Unicode char U+04E6 (decimal 1254)
   defining Unicode char U+04E7 (decimal 1255)
   defining Unicode char U+04E8 (decimal 1256)
   defining Unicode char U+04E9 (decimal 1257)
   defining Unicode char U+04EC (decimal 1260)
   defining Unicode char U+04ED (decimal 1261)
   defining Unicode char U+04EE (decimal 1262)
   defining Unicode char U+04EF (decimal 1263)
   defining Unicode char U+04F0 (decimal 1264)
   defining Unicode char U+04F1 (decimal 1265)
   defining Unicode char U+04F2 (decimal 1266)
   defining Unicode char U+04F3 (decimal 1267)
   defining Unicode char U+04F4 (decimal 1268)
   defining Unicode char U+04F5 (decimal 1269)
   defining Unicode char U+04F8 (decimal 1272)
   defining Unicode char U+04F9 (decimal 1273)
   defining Unicode char U+200C (decimal 8204)
   defining Unicode char U+2013 (decimal 8211)
   defining Unicode char U+2014 (decimal 8212)
   defining Unicode char U+2018 (decimal 8216)
   defining Unicode char U+2019 (decimal 8217)
   defining Unicode char U+201C (decimal 8220)
   defining Unicode char U+201D (decimal 8221)
   defining Unicode char U+201E (decimal 8222)
   defining Unicode char U+2030 (decimal 8240)
   defining Unicode char U+2031 (decimal 8241)
   defining Unicode char U+2116 (decimal 8470)
   defining Unicode char U+2329 (decimal 9001)
   defining Unicode char U+232A (decimal 9002)
   defining Unicode char U+2423 (decimal 9251)
   defining Unicode char U+27E8 (decimal 10216)
   defining Unicode char U+27E9 (decimal 10217)
   defining Unicode char U+FB00 (decimal 64256)
   defining Unicode char U+FB01 (decimal 64257)
   defining Unicode char U+FB02 (decimal 64258)
   defining Unicode char U+FB03 (decimal 64259)
   defining Unicode char U+FB04 (decimal 64260)
   defining Unicode char U+FB05 (decimal 64261)
   defining Unicode char U+FB06 (decimal 64262)
))
LaTeX Font Info:    Trying to load font information for T2A+cmr on input line 1
12.

(C:\Users\–ê—Ä—Å–µ–Ω–∏–π –í –ì–∏—Å–∏—á\AppData\Local\Programs\MiKTeX\tex/latex/
cyrillic\t2acmr.fd
File: t2acmr.fd 2001/08/11 v1.0a Computer Modern Cyrillic font definitions
))
(C:\Users\–ê—Ä—Å–µ–Ω–∏–π –í –ì–∏—Å–∏—á\AppData\Local\Programs\MiKTeX\tex/generi
c/babel\babel.sty
Package: babel 2022/01/26 3.70 The Babel package
\babel@savecnt=\count193
\U@D=\dimen139
\l@unhyphenated=\language79

(C:\Users\–ê—Ä—Å–µ–Ω–∏–π –í –ì–∏—Å–∏—á\AppData\Local\Programs\MiKTeX\tex/generi
c/babel\txtbabel.def)
\bbl@readstream=\read2
\bbl@dirlevel=\count194

*************************************
* Local config file bblopts.cfg used
*

(C:\Users\–ê—Ä—Å–µ–Ω–∏–π –í –ì–∏—Å–∏—á\AppData\Local\Programs\MiKTeX\tex/latex/
arabi\bblopts.cfg
File: bblopts.cfg 2005/09/08 v0.1 add Arabic and Farsi to "declared" options of
 babel
)
(C:\Users\–ê—Ä—Å–µ–Ω–∏–π –í –ì–∏—Å–∏—á\AppData\Local\Programs\MiKTeX\tex/latex/
babel-english\english.ldf
Language: english 2017/06/06 v3.3r English support from the babel system
Package babel Info: Hyphen rules for 'canadian' set to \l@english
(babel)             (\language0). Reported on input line 102.
Package babel Info: Hyphen rules for 'australian' set to \l@ukenglish
(babel)             (\language73). Reported on input line 105.
Package babel Info: Hyphen rules for 'newzealand' set to \l@ukenglish
(babel)             (\language73). Reported on input line 108.
)
(C:\Users\–ê—Ä—Å–µ–Ω–∏–π –í –ì–∏—Å–∏—á\AppData\Local\Programs\MiKTeX\tex/latex/
babel-russian\russianb.ldf
File: russianb.ldf 2021/01/10 1.3m Russian support for the Babel system
Language: russian 2020/09/09 1.3k Russian support for the Babel system
Package babel Info: Making " an active character on input line 124.
Package babel Info: Default for \cyrdash is provided on input line 163.
))
(C:\Users\–ê—Ä—Å–µ–Ω–∏–π –í –ì–∏—Å–∏—á\AppData\Local\Programs\MiKTeX\tex/latex/
amsmath\amsmath.sty
Package: amsmath 2021/10/15 v2.17l AMS math features
\@mathmargin=\skip49

For additional information on amsmath, use the `?' option.

(C:\Users\–ê—Ä—Å–µ–Ω–∏–π –í –ì–∏—Å–∏—á\AppData\Local\Programs\MiKTeX\tex/latex/
amsmath\amstext.sty
Package: amstext 2021/08/26 v2.01 AMS text

(C:\Users\–ê—Ä—Å–µ–Ω–∏–π –í –ì–∏—Å–∏—á\AppData\Local\Programs\MiKTeX\tex/latex/
amsmath\amsgen.sty
File: amsgen.sty 1999/11/30 v2.0 generic functions
\@emptytoks=\toks18
\ex@=\dimen140
))
(C:\Users\–ê—Ä—Å–µ–Ω–∏–π –í –ì–∏—Å–∏—á\AppData\Local\Programs\MiKTeX\tex/latex/
amsmath\amsbsy.sty
Package: amsbsy 1999/11/29 v1.2d Bold Symbols
\pmbraise@=\dimen141
)
(C:\Users\–ê—Ä—Å–µ–Ω–∏–π –í –ì–∏—Å–∏—á\AppData\Local\Programs\MiKTeX\tex/latex/
amsmath\amsopn.sty
Package: amsopn 2021/08/26 v2.02 operator names
)
\inf@bad=\count195
LaTeX Info: Redefining \frac on input line 234.
\uproot@=\count196
\leftroot@=\count197
LaTeX Info: Redefining \overline on input line 399.
\classnum@=\count198
\DOTSCASE@=\count199
LaTeX Info: Redefining \ldots on input line 496.
LaTeX Info: Redefining \dots on input line 499.
LaTeX Info: Redefining \cdots on input line 620.
\Mathstrutbox@=\box50
\strutbox@=\box51
\big@size=\dimen142
LaTeX Font Info:    Redeclaring font encoding OML on input line 743.
LaTeX Font Info:    Redeclaring font encoding OMS on input line 744.
\macc@depth=\count266
\c@MaxMatrixCols=\count267
\dotsspace@=\muskip16
\c@parentequation=\count268
\dspbrk@lvl=\count269
\tag@help=\toks19
\row@=\count270
\column@=\count271
\maxfields@=\count272
\andhelp@=\toks20
\eqnshift@=\dimen143
\alignsep@=\dimen144
\tagshift@=\dimen145
\tagwidth@=\dimen146
\totwidth@=\dimen147
\lineht@=\dimen148
\@envbody=\toks21
\multlinegap=\skip50
\multlinetaggap=\skip51
\mathdisplay@stack=\toks22
LaTeX Info: Redefining \[ on input line 2938.
LaTeX Info: Redefining \] on input line 2939.
)
(C:\Users\–ê—Ä—Å–µ–Ω–∏–π –í –ì–∏—Å–∏—á\AppData\Local\Programs\MiKTeX\tex/latex/
amsfonts\amsfonts.sty
Package: amsfonts 2013/01/14 v3.01 Basic AMSFonts support
\symAMSa=\mathgroup4
\symAMSb=\mathgroup5
LaTeX Font Info:    Redeclaring math symbol \hbar on input line 98.
LaTeX Font Info:    Overwriting math alphabet `\mathfrak' in version `bold'
(Font)                  U/euf/m/n --> U/euf/b/n on input line 106.
)
(C:\Users\–ê—Ä—Å–µ–Ω–∏–π –í –ì–∏—Å–∏—á\AppData\Local\Programs\MiKTeX\tex/latex/
amsfonts\amssymb.sty
Package: amssymb 2013/01/14 v3.01 AMS font symbols
)
(C:\Users\–ê—Ä—Å–µ–Ω–∏–π –í –ì–∏—Å–∏—á\AppData\Local\Programs\MiKTeX\tex/latex/
amscls\amsthm.sty
Package: amsthm 2020/05/29 v2.20.6
\thm@style=\toks23
\thm@bodyfont=\toks24
\thm@headfont=\toks25
\thm@notefont=\toks26
\thm@headpunct=\toks27
\thm@preskip=\skip52
\thm@postskip=\skip53
\thm@headsep=\skip54
\dth@everypar=\toks28
)
(C:\Users\–ê—Ä—Å–µ–Ω–∏–π –í –ì–∏—Å–∏—á\AppData\Local\Programs\MiKTeX\tex/latex/
mathtools\mathtools.sty
Package: mathtools 2022/02/07 v1.28a mathematical typesetting tools

(C:\Users\–ê—Ä—Å–µ–Ω–∏–π –í –ì–∏—Å–∏—á\AppData\Local\Programs\MiKTeX\tex/latex/
graphics\keyval.sty
Package: keyval 2014/10/28 v1.15 key=value parser (DPC)
\KV@toks@=\toks29
)
(C:\Users\–ê—Ä—Å–µ–Ω–∏–π –í –ì–∏—Å–∏—á\AppData\Local\Programs\MiKTeX\tex/latex/
tools\calc.sty
Package: calc 2017/05/25 v4.3 Infix arithmetic (KKT,FJ)
\calc@Acount=\count273
\calc@Bcount=\count274
\calc@Adimen=\dimen149
\calc@Bdimen=\dimen150
\calc@Askip=\skip55
\calc@Bskip=\skip56
LaTeX Info: Redefining \setlength on input line 80.
LaTeX Info: Redefining \addtolength on input line 81.
\calc@Ccount=\count275
\calc@Cskip=\skip57
)
(C:\Users\–ê—Ä—Å–µ–Ω–∏–π –í –ì–∏—Å–∏—á\AppData\Local\Programs\MiKTeX\tex/latex/
mathtools\mhsetup.sty
Package: mhsetup 2021/03/18 v1.4 programming setup (MH)
)
\g_MT_multlinerow_int=\count276
\l_MT_multwidth_dim=\dimen151
\origjot=\skip58
\l_MT_shortvdotswithinadjustabove_dim=\dimen152
\l_MT_shortvdotswithinadjustbelow_dim=\dimen153
\l_MT_above_intertext_sep=\dimen154
\l_MT_below_intertext_sep=\dimen155
\l_MT_above_shortintertext_sep=\dimen156
\l_MT_below_shortintertext_sep=\dimen157
\xmathstrut@box=\box52
\xmathstrut@dim=\dimen158
)
(C:\Users\–ê—Ä—Å–µ–Ω–∏–π –í –ì–∏—Å–∏—á\AppData\Local\Programs\MiKTeX\tex/latex/
tools\indentfirst.sty
Package: indentfirst 1995/11/23 v1.03 Indent first paragraph (DPC)
)
(C:\Users\–ê—Ä—Å–µ–Ω–∏–π –í –ì–∏—Å–∏—á\AppData\Local\Programs\MiKTeX\tex/latex/
was\gensymb.sty
Package: gensymb 2003/07/02 v1.0 (WaS)
)
(C:\Users\–ê—Ä—Å–µ–Ω–∏–π –í –ì–∏—Å–∏—á\AppData\Local\Programs\MiKTeX\tex/latex/
amsfonts\euscript.sty
Package: euscript 2009/06/22 v3.00 Euler Script fonts
LaTeX Font Info:    Overwriting math alphabet `\EuScript' in version `bold'
(Font)                  U/eus/m/n --> U/eus/b/n on input line 33.
)
(C:\Users\–ê—Ä—Å–µ–Ω–∏–π –í –ì–∏—Å–∏—á\AppData\Local\Programs\MiKTeX\tex/latex/
jknappen\mathrsfs.sty
Package: mathrsfs 1996/01/01 Math RSFS package v1.0 (jk)
\symrsfs=\mathgroup6
)
(C:\Users\–ê—Ä—Å–µ–Ω–∏–π –í –ì–∏—Å–∏—á\AppData\Local\Programs\MiKTeX\tex/latex/
geometry\geometry.sty
Package: geometry 2020/01/02 v5.9 Page Geometry

(C:\Users\–ê—Ä—Å–µ–Ω–∏–π –í –ì–∏—Å–∏—á\AppData\Local\Programs\MiKTeX\tex/generi
c/iftex\ifvtex.sty
Package: ifvtex 2019/10/25 v1.7 ifvtex legacy package. Use iftex instead.

(C:\Users\–ê—Ä—Å–µ–Ω–∏–π –í –ì–∏—Å–∏—á\AppData\Local\Programs\MiKTeX\tex/generi
c/iftex\iftex.sty
Package: iftex 2022/02/03 v1.0f TeX engine tests
))
\Gm@cnth=\count277
\Gm@cntv=\count278
\c@Gm@tempcnt=\count279
\Gm@bindingoffset=\dimen159
\Gm@wd@mp=\dimen160
\Gm@odd@mp=\dimen161
\Gm@even@mp=\dimen162
\Gm@layoutwidth=\dimen163
\Gm@layoutheight=\dimen164
\Gm@layouthoffset=\dimen165
\Gm@layoutvoffset=\dimen166
\Gm@dimlist=\toks30

(C:\Users\–ê—Ä—Å–µ–Ω–∏–π –í –ì–∏—Å–∏—á\AppData\Local\Programs\MiKTeX\tex/latex/
geometry\geometry.cfg))
(C:\Users\–ê—Ä—Å–µ–Ω–∏–π –í –ì–∏—Å–∏—á\AppData\Local\Programs\MiKTeX\tex/latex/
graphics\graphicx.sty
Package: graphicx 2021/09/16 v1.2d Enhanced LaTeX Graphics (DPC,SPQR)

(C:\Users\–ê—Ä—Å–µ–Ω–∏–π –í –ì–∏—Å–∏—á\AppData\Local\Programs\MiKTeX\tex/latex/
graphics\graphics.sty
Package: graphics 2021/03/04 v1.4d Standard LaTeX Graphics (DPC,SPQR)

(C:\Users\–ê—Ä—Å–µ–Ω–∏–π –í –ì–∏—Å–∏—á\AppData\Local\Programs\MiKTeX\tex/latex/
graphics\trig.sty
Package: trig 2021/08/11 v1.11 sin cos tan (DPC)
)
(C:\Users\–ê—Ä—Å–µ–Ω–∏–π –í –ì–∏—Å–∏—á\AppData\Local\Programs\MiKTeX\tex/latex/
graphics-cfg\graphics.cfg
File: graphics.cfg 2016/06/04 v1.11 sample graphics configuration
)
Package graphics Info: Driver file: pdftex.def on input line 107.

(C:\Users\–ê—Ä—Å–µ–Ω–∏–π –í –ì–∏—Å–∏—á\AppData\Local\Programs\MiKTeX\tex/latex/
graphics-def\pdftex.def
File: pdftex.def 2020/10/05 v1.2a Graphics/color driver for pdftex
))
\Gin@req@height=\dimen167
\Gin@req@width=\dimen168
)
(C:\Users\–ê—Ä—Å–µ–Ω–∏–π –í –ì–∏—Å–∏—á\AppData\Local\Programs\MiKTeX\tex/latex/
wrapfig\wrapfig.sty
\wrapoverhang=\dimen169
\WF@size=\dimen170
\c@WF@wrappedlines=\count280
\WF@box=\box53
\WF@everypar=\toks31
Package: wrapfig 2003/01/31  v 3.6
)
(C:\Users\–ê—Ä—Å–µ–Ω–∏–π –í –ì–∏—Å–∏—á\AppData\Local\Programs\MiKTeX\tex/latex/
hyperref\hyperref.sty
Package: hyperref 2021-06-07 v7.00m Hypertext links for LaTeX

(C:\Users\–ê—Ä—Å–µ–Ω–∏–π –í –ì–∏—Å–∏—á\AppData\Local\Programs\MiKTeX\tex/generi
c/ltxcmds\ltxcmds.sty
Package: ltxcmds 2020-05-10 v1.25 LaTeX kernel commands for general use (HO)
)
(C:\Users\–ê—Ä—Å–µ–Ω–∏–π –í –ì–∏—Å–∏—á\AppData\Local\Programs\MiKTeX\tex/generi
c/pdftexcmds\pdftexcmds.sty
Package: pdftexcmds 2020-06-27 v0.33 Utility functions of pdfTeX for LuaTeX (HO
)

(C:\Users\–ê—Ä—Å–µ–Ω–∏–π –í –ì–∏—Å–∏—á\AppData\Local\Programs\MiKTeX\tex/generi
c/infwarerr\infwarerr.sty
Package: infwarerr 2019/12/03 v1.5 Providing info/warning/error messages (HO)
)
Package pdftexcmds Info: \pdf@primitive is available.
Package pdftexcmds Info: \pdf@ifprimitive is available.
Package pdftexcmds Info: \pdfdraftmode found.
)
(C:\Users\–ê—Ä—Å–µ–Ω–∏–π –í –ì–∏—Å–∏—á\AppData\Local\Programs\MiKTeX\tex/generi
c/kvsetkeys\kvsetkeys.sty
Package: kvsetkeys 2019/12/15 v1.18 Key value parser (HO)
)
(C:\Users\–ê—Ä—Å–µ–Ω–∏–π –í –ì–∏—Å–∏—á\AppData\Local\Programs\MiKTeX\tex/generi
c/kvdefinekeys\kvdefinekeys.sty
Package: kvdefinekeys 2019-12-19 v1.6 Define keys (HO)
)
(C:\Users\–ê—Ä—Å–µ–Ω–∏–π –í –ì–∏—Å–∏—á\AppData\Local\Programs\MiKTeX\tex/generi
c/pdfescape\pdfescape.sty
Package: pdfescape 2019/12/09 v1.15 Implements pdfTeX's escape features (HO)
)
(C:\Users\–ê—Ä—Å–µ–Ω–∏–π –í –ì–∏—Å–∏—á\AppData\Local\Programs\MiKTeX\tex/latex/
hycolor\hycolor.sty
Package: hycolor 2020-01-27 v1.10 Color options for hyperref/bookmark (HO)
)
(C:\Users\–ê—Ä—Å–µ–Ω–∏–π –í –ì–∏—Å–∏—á\AppData\Local\Programs\MiKTeX\tex/latex/
letltxmacro\letltxmacro.sty
Package: letltxmacro 2019/12/03 v1.6 Let assignment for LaTeX macros (HO)
)
(C:\Users\–ê—Ä—Å–µ–Ω–∏–π –í –ì–∏—Å–∏—á\AppData\Local\Programs\MiKTeX\tex/latex/
auxhook\auxhook.sty
Package: auxhook 2019-12-17 v1.6 Hooks for auxiliary files (HO)
)
(C:\Users\–ê—Ä—Å–µ–Ω–∏–π –í –ì–∏—Å–∏—á\AppData\Local\Programs\MiKTeX\tex/latex/
kvoptions\kvoptions.sty
Package: kvoptions 2020-10-07 v3.14 Key value format for package options (HO)
)
\@linkdim=\dimen171
\Hy@linkcounter=\count281
\Hy@pagecounter=\count282

(C:\Users\–ê—Ä—Å–µ–Ω–∏–π –í –ì–∏—Å–∏—á\AppData\Local\Programs\MiKTeX\tex/latex/
hyperref\pd1enc.def
File: pd1enc.def 2021-06-07 v7.00m Hyperref: PDFDocEncoding definition (HO)
Now handling font encoding PD1 ...
... no UTF-8 mapping file for font encoding PD1
)
(C:\Users\–ê—Ä—Å–µ–Ω–∏–π –í –ì–∏—Å–∏—á\AppData\Local\Programs\MiKTeX\tex/latex/
hyperref\hyperref-langpatches.def
File: hyperref-langpatches.def 2021-06-07 v7.00m Hyperref: patches for babel la
nguages
)
(C:\Users\–ê—Ä—Å–µ–Ω–∏–π –í –ì–∏—Å–∏—á\AppData\Local\Programs\MiKTeX\tex/generi
c/intcalc\intcalc.sty
Package: intcalc 2019/12/15 v1.3 Expandable calculations with integers (HO)
)
(C:\Users\–ê—Ä—Å–µ–Ω–∏–π –í –ì–∏—Å–∏—á\AppData\Local\Programs\MiKTeX\tex/generi
c/etexcmds\etexcmds.sty
Package: etexcmds 2019/12/15 v1.7 Avoid name clashes with e-TeX commands (HO)
)
\Hy@SavedSpaceFactor=\count283

(C:\Users\–ê—Ä—Å–µ–Ω–∏–π –í –ì–∏—Å–∏—á\AppData\Local\Programs\MiKTeX\tex/latex/
hyperref\puenc.def
File: puenc.def 2021-06-07 v7.00m Hyperref: PDF Unicode definition (HO)
Now handling font encoding PU ...
... no UTF-8 mapping file for font encoding PU
)
Package hyperref Info: Option `unicode' set `true' on input line 3167.
Package hyperref Info: Hyper figures OFF on input line 4192.
Package hyperref Info: Link nesting OFF on input line 4197.
Package hyperref Info: Hyper index ON on input line 4200.
Package hyperref Info: Plain pages OFF on input line 4207.
Package hyperref Info: Backreferencing OFF on input line 4212.
Package hyperref Info: Implicit mode ON; LaTeX internals redefined.
Package hyperref Info: Bookmarks ON on input line 4445.
\c@Hy@tempcnt=\count284

(C:\Users\–ê—Ä—Å–µ–Ω–∏–π –í –ì–∏—Å–∏—á\AppData\Local\Programs\MiKTeX\tex/latex/
url\url.sty
\Urlmuskip=\muskip17
Package: url 2013/09/16  ver 3.4  Verb mode for urls, etc.
)
LaTeX Info: Redefining \url on input line 4804.
\XeTeXLinkMargin=\dimen172

(C:\Users\–ê—Ä—Å–µ–Ω–∏–π –í –ì–∏—Å–∏—á\AppData\Local\Programs\MiKTeX\tex/generi
c/bitset\bitset.sty
Package: bitset 2019/12/09 v1.3 Handle bit-vector datatype (HO)

(C:\Users\–ê—Ä—Å–µ–Ω–∏–π –í –ì–∏—Å–∏—á\AppData\Local\Programs\MiKTeX\tex/generi
c/bigintcalc\bigintcalc.sty
Package: bigintcalc 2019/12/15 v1.5 Expandable calculations on big integers (HO
)
))
\Fld@menulength=\count285
\Field@Width=\dimen173
\Fld@charsize=\dimen174
Package hyperref Info: Hyper figures OFF on input line 6076.
Package hyperref Info: Link nesting OFF on input line 6081.
Package hyperref Info: Hyper index ON on input line 6084.
Package hyperref Info: backreferencing OFF on input line 6091.
Package hyperref Info: Link coloring OFF on input line 6096.
Package hyperref Info: Link coloring with OCG OFF on input line 6101.
Package hyperref Info: PDF/A mode OFF on input line 6106.
LaTeX Info: Redefining \ref on input line 6146.
LaTeX Info: Redefining \pageref on input line 6150.

(C:\Users\–ê—Ä—Å–µ–Ω–∏–π –í –ì–∏—Å–∏—á\AppData\Local\Programs\MiKTeX\tex/latex/
base\atbegshi-ltx.sty
Package: atbegshi-ltx 2021/01/10 v1.0c Emulation of the original atbegshi
package with kernel methods
)
\Hy@abspage=\count286
\c@Item=\count287
\c@Hfootnote=\count288
)
Package hyperref Info: Driver (autodetected): hpdftex.

(C:\Users\–ê—Ä—Å–µ–Ω–∏–π –í –ì–∏—Å–∏—á\AppData\Local\Programs\MiKTeX\tex/latex/
hyperref\hpdftex.def
File: hpdftex.def 2021-06-07 v7.00m Hyperref driver for pdfTeX

(C:\Users\–ê—Ä—Å–µ–Ω–∏–π –í –ì–∏—Å–∏—á\AppData\Local\Programs\MiKTeX\tex/latex/
base\atveryend-ltx.sty
Package: atveryend-ltx 2020/08/19 v1.0a Emulation of the original atveryend pac
kage
with kernel methods
)
\Fld@listcount=\count289
\c@bookmark@seq@number=\count290

(C:\Users\–ê—Ä—Å–µ–Ω–∏–π –í –ì–∏—Å–∏—á\AppData\Local\Programs\MiKTeX\tex/latex/
rerunfilecheck\rerunfilecheck.sty
Package: rerunfilecheck 2019/12/05 v1.9 Rerun checks for auxiliary files (HO)

(C:\Users\–ê—Ä—Å–µ–Ω–∏–π –í –ì–∏—Å–∏—á\AppData\Local\Programs\MiKTeX\tex/generi
c/uniquecounter\uniquecounter.sty
Package: uniquecounter 2019/12/15 v1.4 Provide unlimited unique counter (HO)
)
Package uniquecounter Info: New unique counter `rerunfilecheck' on input line 2
86.
)
\Hy@SectionHShift=\skip59
)
(C:\Users\–ê—Ä—Å–µ–Ω–∏–π –í –ì–∏—Å–∏—á\AppData\Local\Programs\MiKTeX\tex/latex/
xcolor\xcolor.sty
Package: xcolor 2021/10/31 v2.13 LaTeX color extensions (UK)

(C:\Users\–ê—Ä—Å–µ–Ω–∏–π –í –ì–∏—Å–∏—á\AppData\Local\Programs\MiKTeX\tex/latex/
graphics-cfg\color.cfg
File: color.cfg 2016/01/02 v1.6 sample color configuration
)
Package xcolor Info: Driver file: pdftex.def on input line 227.
Package xcolor Info: Model `cmy' substituted by `cmy0' on input line 1352.
Package xcolor Info: Model `hsb' substituted by `rgb' on input line 1356.
Package xcolor Info: Model `RGB' extended on input line 1368.
Package xcolor Info: Model `HTML' substituted by `rgb' on input line 1370.
Package xcolor Info: Model `Hsb' substituted by `hsb' on input line 1371.
Package xcolor Info: Model `tHsb' substituted by `hsb' on input line 1372.
Package xcolor Info: Model `HSB' substituted by `hsb' on input line 1373.
Package xcolor Info: Model `Gray' substituted by `gray' on input line 1374.
Package xcolor Info: Model `wave' substituted by `hsb' on input line 1375.
)
Package hyperref Info: Option `colorlinks' set `true' on input line 21.

(C:\Users\–ê—Ä—Å–µ–Ω–∏–π –í –ì–∏—Å–∏—á\AppData\Local\Programs\MiKTeX\tex/latex/
l3backend\l3backend-pdftex.def
File: l3backend-pdftex.def 2022-02-07 L3 backend support: PDF output (pdfTeX)
\l__color_backend_stack_int=\count291
\l__pdf_internal_box=\box54
) (2.4.1.aux)
\openout1 = `2.4.1.aux'.

LaTeX Font Info:    Checking defaults for OML/cmm/m/it on input line 28.
LaTeX Font Info:    ... okay on input line 28.
LaTeX Font Info:    Checking defaults for OMS/cmsy/m/n on input line 28.
LaTeX Font Info:    ... okay on input line 28.
LaTeX Font Info:    Checking defaults for OT1/cmr/m/n on input line 28.
LaTeX Font Info:    ... okay on input line 28.
LaTeX Font Info:    Checking defaults for T1/cmr/m/n on input line 28.
LaTeX Font Info:    ... okay on input line 28.
LaTeX Font Info:    Checking defaults for TS1/cmr/m/n on input line 28.
LaTeX Font Info:    ... okay on input line 28.
LaTeX Font Info:    Checking defaults for OMX/cmex/m/n on input line 28.
LaTeX Font Info:    ... okay on input line 28.
LaTeX Font Info:    Checking defaults for U/cmr/m/n on input line 28.
LaTeX Font Info:    ... okay on input line 28.
LaTeX Font Info:    Checking defaults for T2A/cmr/m/n on input line 28.
LaTeX Font Info:    ... okay on input line 28.
LaTeX Font Info:    Checking defaults for PD1/pdf/m/n on input line 28.
LaTeX Font Info:    ... okay on input line 28.
LaTeX Font Info:    Checking defaults for PU/pdf/m/n on input line 28.
LaTeX Font Info:    ... okay on input line 28.
LaTeX Info: Redefining \th on input line 28.
LaTeX Info: Redefining \celsius on input line 28.
Package gensymb Info: Faking symbols for \degree and \celsius on input line 28.



Package gensymb Warning: Not defining \perthousand.

LaTeX Info: Redefining \ohm on input line 28.
Package gensymb Info: Using \Omega for \ohm on input line 28.

Package gensymb Warning: Not defining \micro.

*geometry* driver: auto-detecting
*geometry* detected driver: pdftex
*geometry* verbose mode - [ preamble ] result:
* driver: pdftex
* paper: a4paper
* layout: <same size as paper>
* layoutoffset:(h,v)=(0.0pt,0.0pt)
* modes: 
* h-part:(L,W,R)=(56.9055pt, 483.69687pt, 56.9055pt)
* v-part:(T,H,B)=(56.9055pt, 731.23584pt, 56.9055pt)
* \paperwidth=597.50787pt
* \paperheight=845.04684pt
* \textwidth=483.69687pt
* \textheight=731.23584pt
* \oddsidemargin=-15.36449pt
* \evensidemargin=-15.36449pt
* \topmargin=-52.36449pt
* \headheight=12.0pt
* \headsep=25.0pt
* \topskip=12.0pt
* \footskip=30.0pt
* \marginparwidth=35.0pt
* \marginparsep=10.0pt
* \columnsep=10.0pt
* \skip\footins=10.8pt plus 4.0pt minus 2.0pt
* \hoffset=0.0pt
* \voffset=0.0pt
* \mag=1000
* \@twocolumnfalse
* \@twosidefalse
* \@mparswitchfalse
* \@reversemarginfalse
* (1in=72.27pt=25.4mm, 1cm=28.453pt)


(C:\Users\–ê—Ä—Å–µ–Ω–∏–π –í –ì–∏—Å–∏—á\AppData\Local\Programs\MiKTeX\tex/contex
t/base/mkii\supp-pdf.mkii
[Loading MPS to PDF converter (version 2006.09.02).]
\scratchcounter=\count292
\scratchdimen=\dimen175
\scratchbox=\box55
\nofMPsegments=\count293
\nofMParguments=\count294
\everyMPshowfont=\toks32
\MPscratchCnt=\count295
\MPscratchDim=\dimen176
\MPnumerator=\count296
\makeMPintoPDFobject=\count297
\everyMPtoPDFconversion=\toks33
)
(C:\Users\–ê—Ä—Å–µ–Ω–∏–π –í –ì–∏—Å–∏—á\AppData\Local\Programs\MiKTeX\tex/latex/
epstopdf-pkg\epstopdf-base.sty
Package: epstopdf-base 2020-01-24 v2.11 Base part for package epstopdf

(C:\Users\–ê—Ä—Å–µ–Ω–∏–π –í –ì–∏—Å–∏—á\AppData\Local\Programs\MiKTeX\tex/latex/
grfext\grfext.sty
Package: grfext 2019/12/03 v1.3 Manage graphics extensions (HO)
)
Package epstopdf-base Info: Redefining graphics rule for `.eps' on input line 4
85.
Package grfext Info: Graphics extension search list:
(grfext)             [.pdf,.png,.jpg,.mps,.jpeg,.jbig2,.jb2,.PDF,.PNG,.JPG,.JPE
G,.JBIG2,.JB2,.eps]
(grfext)             \AppendGraphicsExtensions on input line 504.

(C:\Users\–ê—Ä—Å–µ–Ω–∏–π –í –ì–∏—Å–∏—á\AppData\Local\Programs\MiKTeX\tex/latex/
00miktex\epstopdf-sys.cfg
File: epstopdf-sys.cfg 2021/03/18 v2.0 Configuration of epstopdf for MiKTeX
))
Package hyperref Info: Link coloring ON on input line 28.

(C:\Users\–ê—Ä—Å–µ–Ω–∏–π –í –ì–∏—Å–∏—á\AppData\Local\Programs\MiKTeX\tex/latex/
hyperref\nameref.sty
Package: nameref 2021-04-02 v2.47 Cross-referencing by name of section

(C:\Users\–ê—Ä—Å–µ–Ω–∏–π –í –ì–∏—Å–∏—á\AppData\Local\Programs\MiKTeX\tex/latex/
refcount\refcount.sty
Package: refcount 2019/12/15 v3.6 Data extraction from label references (HO)
)
(C:\Users\–ê—Ä—Å–µ–Ω–∏–π –í –ì–∏—Å–∏—á\AppData\Local\Programs\MiKTeX\tex/generi
c/gettitlestring\gettitlestring.sty
Package: gettitlestring 2019/12/15 v1.6 Cleanup title references (HO)
)
\c@section@level=\count298
)
LaTeX Info: Redefining \ref on input line 28.
LaTeX Info: Redefining \pageref on input line 28.
LaTeX Info: Redefining \nameref on input line 28.
 (2.4.1.out) (2.4.1.out)
\@outlinefile=\write3
\openout3 = `2.4.1.out'.

 [1

{C:/Users/–ê—Ä—Å–µ–Ω–∏–π –í –ì–∏—Å–∏—á/AppData/Local/MiKTeX/fonts/map/pdftex/pd
ftex.map}]
LaTeX Font Info:    Trying to load font information for U+msa on input line 63.


(C:\Users\–ê—Ä—Å–µ–Ω–∏–π –í –ì–∏—Å–∏—á\AppData\Local\Programs\MiKTeX\tex/latex/
amsfonts\umsa.fd
File: umsa.fd 2013/01/14 v3.01 AMS symbols A
)
LaTeX Font Info:    Trying to load font information for U+msb on input line 63.


(C:\Users\–ê—Ä—Å–µ–Ω–∏–π –í –ì–∏—Å–∏—á\AppData\Local\Programs\MiKTeX\tex/latex/
amsfonts\umsb.fd
File: umsb.fd 2013/01/14 v3.01 AMS symbols B
)
LaTeX Font Info:    Trying to load font information for U+rsfs on input line 63
.

(C:\Users\–ê—Ä—Å–µ–Ω–∏–π –í –ì–∏—Å–∏—á\AppData\Local\Programs\MiKTeX\tex/latex/
jknappen\ursfs.fd
File: ursfs.fd 1998/03/24 rsfs font definition file (jk)
)
<lab_2_4_1_ust.png, id=38, 127.97812pt x 181.17688pt>
File: lab_2_4_1_ust.png Graphic file (type png)
<use lab_2_4_1_ust.png>
Package pdftex.def Info: lab_2_4_1_ust.png  used on input line 90.
(pdftex.def)             Requested size: 153.57297pt x 217.41115pt.


LaTeX Warning: `!h' float specifier changed to `!ht'.

[2]
Underfull \hbox (badness 10000) in paragraph at lines 106--112

 []


Overfull \hbox (5.96796pt too wide) in paragraph at lines 116--123
[][] 
 []

[3 <./lab_2_4_1_ust.png>]
Overfull \hbox (5.96796pt too wide) in paragraph at lines 139--146
[][] 
 []


Overfull \hbox (3.7273pt too wide) in paragraph at lines 149--156
[][] 
 []

<2.4.1_1.png, id=65, 722.7pt x 433.62pt>
File: 2.4.1_1.png Graphic file (type png)
<use 2.4.1_1.png>
Package pdftex.def Info: 2.4.1_1.png  used on input line 162.
(pdftex.def)             Requested size: 542.02367pt x 325.2142pt.

Overfull \hbox (58.3268pt too wide) in paragraph at lines 162--163
[]  
 []

<2.4.1_2.png, id=66, 722.7pt x 433.62pt>
File: 2.4.1_2.png Graphic file (type png)
<use 2.4.1_2.png>
Package pdftex.def Info: 2.4.1_2.png  used on input line 169.
(pdftex.def)             Requested size: 542.02367pt x 325.2142pt.

Overfull \hbox (58.3268pt too wide) in paragraph at lines 169--170
[]  
 []


LaTeX Warning: `!h' float specifier changed to `!ht'.

[4 <./2.4.1_1.png>] [5 <./2.4.1_2.png>] [6] (2.4.1.aux)
Package rerunfilecheck Info: File `2.4.1.out' has not changed.
(rerunfilecheck)             Checksum: E1D727D6B5BF23AB10B09CB540E767B5;1410.
 ) 
Here is how much of TeX's memory you used:
 13267 strings out of 478584
 211278 string characters out of 2833510
 524048 words of memory out of 3000000
 31222 multiletter control sequences out of 15000+600000
 479237 words of font info for 55 fonts, out of 8000000 for 9000
 1141 hyphenation exceptions out of 8191
 60i,13n,63p,1565b,435s stack positions out of 5000i,500n,10000p,200000b,80000s
 <C:\Users\–ê—Ä—Å–µ–Ω–∏–π –í –ì–∏—Å–∏—á\AppData\Local\MiKTeX\fonts/pk/ljfour/
lh/lh-t2a/dpi600\larm0800.pk> <C:\Users\–ê—Ä—Å–µ–Ω–∏–π –í –ì–∏—Å–∏—á\AppData\Lo
cal\MiKTeX\fonts/pk/ljfour/lh/lh-t2a/dpi600\larm1200.pk> <C:\Users\–ê—Ä—Å–µ–Ω–∏
–π –í –ì–∏—Å–∏—á\AppData\Local\MiKTeX\fonts/pk/ljfour/lh/lh-t2a/dpi600\larm1728
.pk> <C:\Users\–ê—Ä—Å–µ–Ω–∏–π –í –ì–∏—Å–∏—á\AppData\Local\MiKTeX\fonts/pk/ljfou
r/lh/lh-t2a/dpi600\labx1728.pk> <C:\Users\–ê—Ä—Å–µ–Ω–∏–π –í –ì–∏—Å–∏—á\AppData\
Local\MiKTeX\fonts/pk/ljfour/lh/lh-t2a/dpi600\larm1440.pk><C:/Users/–ê—Ä—Å–µ–Ω–
∏–π –í –ì–∏—Å–∏—á/AppData/Local/Programs/MiKTeX/fonts/type1/public/amsfonts/cm/
cmex10.pfb><C:/Users/–ê—Ä—Å–µ–Ω–∏–π –í –ì–∏—Å–∏—á/AppData/Local/Programs/MiKTeX
/fonts/type1/public/amsfonts/cm/cmmi12.pfb><C:/Users/–ê—Ä—Å–µ–Ω–∏–π –í –ì–∏—Å–∏
—á/AppData/Local/Programs/MiKTeX/fonts/type1/public/amsfonts/cm/cmmi6.pfb><C:/U
sers/–ê—Ä—Å–µ–Ω–∏–π –í –ì–∏—Å–∏—á/AppData/Local/Programs/MiKTeX/fonts/type1/pub
lic/amsfonts/cm/cmmi8.pfb><C:/Users/–ê—Ä—Å–µ–Ω–∏–π –í –ì–∏—Å–∏—á/AppData/Local/
Programs/MiKTeX/fonts/type1/public/amsfonts/cm/cmr12.pfb><C:/Users/–ê—Ä—Å–µ–Ω–∏
–π –í –ì–∏—Å–∏—á/AppData/Local/Programs/MiKTeX/fonts/type1/public/amsfonts/cm/c
mr6.pfb><C:/Users/–ê—Ä—Å–µ–Ω–∏–π –í –ì–∏—Å–∏—á/AppData/Local/Programs/MiKTeX/fo
nts/type1/public/amsfonts/cm/cmr8.pfb><C:/Users/–ê—Ä—Å–µ–Ω–∏–π –í –ì–∏—Å–∏—á/Ap
pData/Local/Programs/MiKTeX/fonts/type1/public/amsfonts/cm/cmsy10.pfb><C:/Users
/–ê—Ä—Å–µ–Ω–∏–π –í –ì–∏—Å–∏—á/AppData/Local/Programs/MiKTeX/fonts/type1/public/
amsfonts/cm/cmsy8.pfb>
Output written on 2.4.1.pdf (6 pages, 1036444 bytes).
PDF statistics:
 311 PDF objects out of 1000 (max. 8388607)
 22 named destinations out of 1000 (max. 500000)
 64 words of extra memory for PDF output out of 10000 (max. 10000000)

