This is pdfTeX, Version 3.141592653-2.6-1.40.24 (MiKTeX 22.1) (preloaded format=pdflatex 2022.2.9)  6 MAR 2022 21:13
entering extended mode
 restricted \write18 enabled.
 %&-line parsing enabled.
**./1.3.3.tex
(1.3.3.tex
LaTeX2e <2021-11-15> patch level 1
L3 programming layer <2022-02-05>
(C:\Users\–ê—Ä—Å–µ–Ω–∏–π –í –ì–∏—Å–∏—á\AppData\Local\Programs\MiKTeX\tex/latex/
base\article.cls
Document Class: article 2021/10/04 v1.4n Standard LaTeX document class

(C:\Users\–ê—Ä—Å–µ–Ω–∏–π –í –ì–∏—Å–∏—á\AppData\Local\Programs\MiKTeX\tex/latex/
base\size12.clo
File: size12.clo 2021/10/04 v1.4n Standard LaTeX file (size option)
)
\c@part=\count185
\c@section=\count186
\c@subsection=\count187
\c@subsubsection=\count188
\c@paragraph=\count189
\c@subparagraph=\count190
\c@figure=\count191
\c@table=\count192
\abovecaptionskip=\skip47
\belowcaptionskip=\skip48
\bibindent=\dimen138
)
(C:\Users\–ê—Ä—Å–µ–Ω–∏–π –í –ì–∏—Å–∏—á\AppData\Local\Programs\MiKTeX\tex/latex/
hyperref\hyperref.sty
Package: hyperref 2021-06-07 v7.00m Hypertext links for LaTeX

(C:\Users\–ê—Ä—Å–µ–Ω–∏–π –í –ì–∏—Å–∏—á\AppData\Local\Programs\MiKTeX\tex/generi
c/ltxcmds\ltxcmds.sty
Package: ltxcmds 2020-05-10 v1.25 LaTeX kernel commands for general use (HO)
)
(C:\Users\–ê—Ä—Å–µ–Ω–∏–π –í –ì–∏—Å–∏—á\AppData\Local\Programs\MiKTeX\tex/generi
c/iftex\iftex.sty
Package: iftex 2022/02/03 v1.0f TeX engine tests
)
(C:\Users\–ê—Ä—Å–µ–Ω–∏–π –í –ì–∏—Å–∏—á\AppData\Local\Programs\MiKTeX\tex/generi
c/pdftexcmds\pdftexcmds.sty
Package: pdftexcmds 2020-06-27 v0.33 Utility functions of pdfTeX for LuaTeX (HO
)

(C:\Users\–ê—Ä—Å–µ–Ω–∏–π –í –ì–∏—Å–∏—á\AppData\Local\Programs\MiKTeX\tex/generi
c/infwarerr\infwarerr.sty
Package: infwarerr 2019/12/03 v1.5 Providing info/warning/error messages (HO)
)
Package pdftexcmds Info: \pdf@primitive is available.
Package pdftexcmds Info: \pdf@ifprimitive is available.
Package pdftexcmds Info: \pdfdraftmode found.
)
(C:\Users\–ê—Ä—Å–µ–Ω–∏–π –í –ì–∏—Å–∏—á\AppData\Local\Programs\MiKTeX\tex/latex/
graphics\keyval.sty
Package: keyval 2014/10/28 v1.15 key=value parser (DPC)
\KV@toks@=\toks16
)
(C:\Users\–ê—Ä—Å–µ–Ω–∏–π –í –ì–∏—Å–∏—á\AppData\Local\Programs\MiKTeX\tex/generi
c/kvsetkeys\kvsetkeys.sty
Package: kvsetkeys 2019/12/15 v1.18 Key value parser (HO)
)
(C:\Users\–ê—Ä—Å–µ–Ω–∏–π –í –ì–∏—Å–∏—á\AppData\Local\Programs\MiKTeX\tex/generi
c/kvdefinekeys\kvdefinekeys.sty
Package: kvdefinekeys 2019-12-19 v1.6 Define keys (HO)
)
(C:\Users\–ê—Ä—Å–µ–Ω–∏–π –í –ì–∏—Å–∏—á\AppData\Local\Programs\MiKTeX\tex/generi
c/pdfescape\pdfescape.sty
Package: pdfescape 2019/12/09 v1.15 Implements pdfTeX's escape features (HO)
)
(C:\Users\–ê—Ä—Å–µ–Ω–∏–π –í –ì–∏—Å–∏—á\AppData\Local\Programs\MiKTeX\tex/latex/
hycolor\hycolor.sty
Package: hycolor 2020-01-27 v1.10 Color options for hyperref/bookmark (HO)
)
(C:\Users\–ê—Ä—Å–µ–Ω–∏–π –í –ì–∏—Å–∏—á\AppData\Local\Programs\MiKTeX\tex/latex/
letltxmacro\letltxmacro.sty
Package: letltxmacro 2019/12/03 v1.6 Let assignment for LaTeX macros (HO)
)
(C:\Users\–ê—Ä—Å–µ–Ω–∏–π –í –ì–∏—Å–∏—á\AppData\Local\Programs\MiKTeX\tex/latex/
auxhook\auxhook.sty
Package: auxhook 2019-12-17 v1.6 Hooks for auxiliary files (HO)
)
(C:\Users\–ê—Ä—Å–µ–Ω–∏–π –í –ì–∏—Å–∏—á\AppData\Local\Programs\MiKTeX\tex/latex/
kvoptions\kvoptions.sty
Package: kvoptions 2020-10-07 v3.14 Key value format for package options (HO)
)
\@linkdim=\dimen139
\Hy@linkcounter=\count193
\Hy@pagecounter=\count194

(C:\Users\–ê—Ä—Å–µ–Ω–∏–π –í –ì–∏—Å–∏—á\AppData\Local\Programs\MiKTeX\tex/latex/
hyperref\pd1enc.def
File: pd1enc.def 2021-06-07 v7.00m Hyperref: PDFDocEncoding definition (HO)
Now handling font encoding PD1 ...
... no UTF-8 mapping file for font encoding PD1
)
(C:\Users\–ê—Ä—Å–µ–Ω–∏–π –í –ì–∏—Å–∏—á\AppData\Local\Programs\MiKTeX\tex/latex/
hyperref\hyperref-langpatches.def
File: hyperref-langpatches.def 2021-06-07 v7.00m Hyperref: patches for babel la
nguages
)
(C:\Users\–ê—Ä—Å–µ–Ω–∏–π –í –ì–∏—Å–∏—á\AppData\Local\Programs\MiKTeX\tex/generi
c/intcalc\intcalc.sty
Package: intcalc 2019/12/15 v1.3 Expandable calculations with integers (HO)
)
(C:\Users\–ê—Ä—Å–µ–Ω–∏–π –í –ì–∏—Å–∏—á\AppData\Local\Programs\MiKTeX\tex/generi
c/etexcmds\etexcmds.sty
Package: etexcmds 2019/12/15 v1.7 Avoid name clashes with e-TeX commands (HO)
)
\Hy@SavedSpaceFactor=\count195

(C:\Users\–ê—Ä—Å–µ–Ω–∏–π –í –ì–∏—Å–∏—á\AppData\Local\Programs\MiKTeX\tex/latex/
hyperref\puenc.def
File: puenc.def 2021-06-07 v7.00m Hyperref: PDF Unicode definition (HO)
Now handling font encoding PU ...
... no UTF-8 mapping file for font encoding PU
)
Package hyperref Info: Hyper figures OFF on input line 4192.
Package hyperref Info: Link nesting OFF on input line 4197.
Package hyperref Info: Hyper index ON on input line 4200.
Package hyperref Info: Plain pages OFF on input line 4207.
Package hyperref Info: Backreferencing OFF on input line 4212.
Package hyperref Info: Implicit mode ON; LaTeX internals redefined.
Package hyperref Info: Bookmarks ON on input line 4445.
\c@Hy@tempcnt=\count196

(C:\Users\–ê—Ä—Å–µ–Ω–∏–π –í –ì–∏—Å–∏—á\AppData\Local\Programs\MiKTeX\tex/latex/
url\url.sty
\Urlmuskip=\muskip16
Package: url 2013/09/16  ver 3.4  Verb mode for urls, etc.
)
LaTeX Info: Redefining \url on input line 4804.
\XeTeXLinkMargin=\dimen140

(C:\Users\–ê—Ä—Å–µ–Ω–∏–π –í –ì–∏—Å–∏—á\AppData\Local\Programs\MiKTeX\tex/generi
c/bitset\bitset.sty
Package: bitset 2019/12/09 v1.3 Handle bit-vector datatype (HO)

(C:\Users\–ê—Ä—Å–µ–Ω–∏–π –í –ì–∏—Å–∏—á\AppData\Local\Programs\MiKTeX\tex/generi
c/bigintcalc\bigintcalc.sty
Package: bigintcalc 2019/12/15 v1.5 Expandable calculations on big integers (HO
)
))
\Fld@menulength=\count197
\Field@Width=\dimen141
\Fld@charsize=\dimen142
Package hyperref Info: Hyper figures OFF on input line 6076.
Package hyperref Info: Link nesting OFF on input line 6081.
Package hyperref Info: Hyper index ON on input line 6084.
Package hyperref Info: backreferencing OFF on input line 6091.
Package hyperref Info: Link coloring OFF on input line 6096.
Package hyperref Info: Link coloring with OCG OFF on input line 6101.
Package hyperref Info: PDF/A mode OFF on input line 6106.
LaTeX Info: Redefining \ref on input line 6146.
LaTeX Info: Redefining \pageref on input line 6150.

(C:\Users\–ê—Ä—Å–µ–Ω–∏–π –í –ì–∏—Å–∏—á\AppData\Local\Programs\MiKTeX\tex/latex/
base\atbegshi-ltx.sty
Package: atbegshi-ltx 2021/01/10 v1.0c Emulation of the original atbegshi
package with kernel methods
)
\Hy@abspage=\count198
\c@Item=\count199
\c@Hfootnote=\count266
)
Package hyperref Info: Driver (autodetected): hpdftex.

(C:\Users\–ê—Ä—Å–µ–Ω–∏–π –í –ì–∏—Å–∏—á\AppData\Local\Programs\MiKTeX\tex/latex/
hyperref\hpdftex.def
File: hpdftex.def 2021-06-07 v7.00m Hyperref driver for pdfTeX

(C:\Users\–ê—Ä—Å–µ–Ω–∏–π –í –ì–∏—Å–∏—á\AppData\Local\Programs\MiKTeX\tex/latex/
base\atveryend-ltx.sty
Package: atveryend-ltx 2020/08/19 v1.0a Emulation of the original atveryend pac
kage
with kernel methods
)
\Fld@listcount=\count267
\c@bookmark@seq@number=\count268

(C:\Users\–ê—Ä—Å–µ–Ω–∏–π –í –ì–∏—Å–∏—á\AppData\Local\Programs\MiKTeX\tex/latex/
rerunfilecheck\rerunfilecheck.sty
Package: rerunfilecheck 2019/12/05 v1.9 Rerun checks for auxiliary files (HO)

(C:\Users\–ê—Ä—Å–µ–Ω–∏–π –í –ì–∏—Å–∏—á\AppData\Local\Programs\MiKTeX\tex/generi
c/uniquecounter\uniquecounter.sty
Package: uniquecounter 2019/12/15 v1.4 Provide unlimited unique counter (HO)
)
Package uniquecounter Info: New unique counter `rerunfilecheck' on input line 2
86.
)
\Hy@SectionHShift=\skip49
)
(C:\Users\–ê—Ä—Å–µ–Ω–∏–π –í –ì–∏—Å–∏—á\AppData\Local\Programs\MiKTeX\tex/latex/
t2\mathtext.sty
Package: mathtext 2018/04/13 v1.1 transparent text-and-math defs
LaTeX Info: Redefining \halign on input line 119.
)
(C:\Users\–ê—Ä—Å–µ–Ω–∏–π –í –ì–∏—Å–∏—á\AppData\Local\Programs\MiKTeX\tex/latex/
base\inputenc.sty
Package: inputenc 2021/02/14 v1.3d Input encoding file
\inpenc@prehook=\toks17
\inpenc@posthook=\toks18
)
(C:\Users\–ê—Ä—Å–µ–Ω–∏–π –í –ì–∏—Å–∏—á\AppData\Local\Programs\MiKTeX\tex/latex/
base\fontenc.sty
Package: fontenc 2021/04/29 v2.0v Standard LaTeX package

(C:\Users\–ê—Ä—Å–µ–Ω–∏–π –í –ì–∏—Å–∏—á\AppData\Local\Programs\MiKTeX\tex/latex/
cyrillic\t2aenc.def
File: t2aenc.def 2005/09/27 v1.0i Cyrillic encoding definition file
Now handling font encoding T2A ...
... processing UTF-8 mapping file for font encoding T2A

(C:\Users\–ê—Ä—Å–µ–Ω–∏–π –í –ì–∏—Å–∏—á\AppData\Local\Programs\MiKTeX\tex/latex/
base\t2aenc.dfu
File: t2aenc.dfu 2021/06/21 v1.2n UTF-8 support
   defining Unicode char U+00A4 (decimal 164)
   defining Unicode char U+00A7 (decimal 167)
   defining Unicode char U+00AB (decimal 171)
   defining Unicode char U+00BB (decimal 187)
   defining Unicode char U+0131 (decimal 305)
   defining Unicode char U+0237 (decimal 567)
   defining Unicode char U+0400 (decimal 1024)
   defining Unicode char U+0401 (decimal 1025)
   defining Unicode char U+0402 (decimal 1026)
   defining Unicode char U+0403 (decimal 1027)
   defining Unicode char U+0404 (decimal 1028)
   defining Unicode char U+0405 (decimal 1029)
   defining Unicode char U+0406 (decimal 1030)
   defining Unicode char U+0407 (decimal 1031)
   defining Unicode char U+0408 (decimal 1032)
   defining Unicode char U+0409 (decimal 1033)
   defining Unicode char U+040A (decimal 1034)
   defining Unicode char U+040B (decimal 1035)
   defining Unicode char U+040C (decimal 1036)
   defining Unicode char U+040D (decimal 1037)
   defining Unicode char U+040E (decimal 1038)
   defining Unicode char U+040F (decimal 1039)
   defining Unicode char U+0410 (decimal 1040)
   defining Unicode char U+0411 (decimal 1041)
   defining Unicode char U+0412 (decimal 1042)
   defining Unicode char U+0413 (decimal 1043)
   defining Unicode char U+0414 (decimal 1044)
   defining Unicode char U+0415 (decimal 1045)
   defining Unicode char U+0416 (decimal 1046)
   defining Unicode char U+0417 (decimal 1047)
   defining Unicode char U+0418 (decimal 1048)
   defining Unicode char U+0419 (decimal 1049)
   defining Unicode char U+041A (decimal 1050)
   defining Unicode char U+041B (decimal 1051)
   defining Unicode char U+041C (decimal 1052)
   defining Unicode char U+041D (decimal 1053)
   defining Unicode char U+041E (decimal 1054)
   defining Unicode char U+041F (decimal 1055)
   defining Unicode char U+0420 (decimal 1056)
   defining Unicode char U+0421 (decimal 1057)
   defining Unicode char U+0422 (decimal 1058)
   defining Unicode char U+0423 (decimal 1059)
   defining Unicode char U+0424 (decimal 1060)
   defining Unicode char U+0425 (decimal 1061)
   defining Unicode char U+0426 (decimal 1062)
   defining Unicode char U+0427 (decimal 1063)
   defining Unicode char U+0428 (decimal 1064)
   defining Unicode char U+0429 (decimal 1065)
   defining Unicode char U+042A (decimal 1066)
   defining Unicode char U+042B (decimal 1067)
   defining Unicode char U+042C (decimal 1068)
   defining Unicode char U+042D (decimal 1069)
   defining Unicode char U+042E (decimal 1070)
   defining Unicode char U+042F (decimal 1071)
   defining Unicode char U+0430 (decimal 1072)
   defining Unicode char U+0431 (decimal 1073)
   defining Unicode char U+0432 (decimal 1074)
   defining Unicode char U+0433 (decimal 1075)
   defining Unicode char U+0434 (decimal 1076)
   defining Unicode char U+0435 (decimal 1077)
   defining Unicode char U+0436 (decimal 1078)
   defining Unicode char U+0437 (decimal 1079)
   defining Unicode char U+0438 (decimal 1080)
   defining Unicode char U+0439 (decimal 1081)
   defining Unicode char U+043A (decimal 1082)
   defining Unicode char U+043B (decimal 1083)
   defining Unicode char U+043C (decimal 1084)
   defining Unicode char U+043D (decimal 1085)
   defining Unicode char U+043E (decimal 1086)
   defining Unicode char U+043F (decimal 1087)
   defining Unicode char U+0440 (decimal 1088)
   defining Unicode char U+0441 (decimal 1089)
   defining Unicode char U+0442 (decimal 1090)
   defining Unicode char U+0443 (decimal 1091)
   defining Unicode char U+0444 (decimal 1092)
   defining Unicode char U+0445 (decimal 1093)
   defining Unicode char U+0446 (decimal 1094)
   defining Unicode char U+0447 (decimal 1095)
   defining Unicode char U+0448 (decimal 1096)
   defining Unicode char U+0449 (decimal 1097)
   defining Unicode char U+044A (decimal 1098)
   defining Unicode char U+044B (decimal 1099)
   defining Unicode char U+044C (decimal 1100)
   defining Unicode char U+044D (decimal 1101)
   defining Unicode char U+044E (decimal 1102)
   defining Unicode char U+044F (decimal 1103)
   defining Unicode char U+0450 (decimal 1104)
   defining Unicode char U+0451 (decimal 1105)
   defining Unicode char U+0452 (decimal 1106)
   defining Unicode char U+0453 (decimal 1107)
   defining Unicode char U+0454 (decimal 1108)
   defining Unicode char U+0455 (decimal 1109)
   defining Unicode char U+0456 (decimal 1110)
   defining Unicode char U+0457 (decimal 1111)
   defining Unicode char U+0458 (decimal 1112)
   defining Unicode char U+0459 (decimal 1113)
   defining Unicode char U+045A (decimal 1114)
   defining Unicode char U+045B (decimal 1115)
   defining Unicode char U+045C (decimal 1116)
   defining Unicode char U+045D (decimal 1117)
   defining Unicode char U+045E (decimal 1118)
   defining Unicode char U+045F (decimal 1119)
   defining Unicode char U+0490 (decimal 1168)
   defining Unicode char U+0491 (decimal 1169)
   defining Unicode char U+0492 (decimal 1170)
   defining Unicode char U+0493 (decimal 1171)
   defining Unicode char U+0496 (decimal 1174)
   defining Unicode char U+0497 (decimal 1175)
   defining Unicode char U+0498 (decimal 1176)
   defining Unicode char U+0499 (decimal 1177)
   defining Unicode char U+049A (decimal 1178)
   defining Unicode char U+049B (decimal 1179)
   defining Unicode char U+049C (decimal 1180)
   defining Unicode char U+049D (decimal 1181)
   defining Unicode char U+04A0 (decimal 1184)
   defining Unicode char U+04A1 (decimal 1185)
   defining Unicode char U+04A2 (decimal 1186)
   defining Unicode char U+04A3 (decimal 1187)
   defining Unicode char U+04A4 (decimal 1188)
   defining Unicode char U+04A5 (decimal 1189)
   defining Unicode char U+04AA (decimal 1194)
   defining Unicode char U+04AB (decimal 1195)
   defining Unicode char U+04AE (decimal 1198)
   defining Unicode char U+04AF (decimal 1199)
   defining Unicode char U+04B0 (decimal 1200)
   defining Unicode char U+04B1 (decimal 1201)
   defining Unicode char U+04B2 (decimal 1202)
   defining Unicode char U+04B3 (decimal 1203)
   defining Unicode char U+04B6 (decimal 1206)
   defining Unicode char U+04B7 (decimal 1207)
   defining Unicode char U+04B8 (decimal 1208)
   defining Unicode char U+04B9 (decimal 1209)
   defining Unicode char U+04BA (decimal 1210)
   defining Unicode char U+04BB (decimal 1211)
   defining Unicode char U+04C0 (decimal 1216)
   defining Unicode char U+04C1 (decimal 1217)
   defining Unicode char U+04C2 (decimal 1218)
   defining Unicode char U+04D0 (decimal 1232)
   defining Unicode char U+04D1 (decimal 1233)
   defining Unicode char U+04D2 (decimal 1234)
   defining Unicode char U+04D3 (decimal 1235)
   defining Unicode char U+04D4 (decimal 1236)
   defining Unicode char U+04D5 (decimal 1237)
   defining Unicode char U+04D6 (decimal 1238)
   defining Unicode char U+04D7 (decimal 1239)
   defining Unicode char U+04D8 (decimal 1240)
   defining Unicode char U+04D9 (decimal 1241)
   defining Unicode char U+04DA (decimal 1242)
   defining Unicode char U+04DB (decimal 1243)
   defining Unicode char U+04DC (decimal 1244)
   defining Unicode char U+04DD (decimal 1245)
   defining Unicode char U+04DE (decimal 1246)
   defining Unicode char U+04DF (decimal 1247)
   defining Unicode char U+04E2 (decimal 1250)
   defining Unicode char U+04E3 (decimal 1251)
   defining Unicode char U+04E4 (decimal 1252)
   defining Unicode char U+04E5 (decimal 1253)
   defining Unicode char U+04E6 (decimal 1254)
   defining Unicode char U+04E7 (decimal 1255)
   defining Unicode char U+04E8 (decimal 1256)
   defining Unicode char U+04E9 (decimal 1257)
   defining Unicode char U+04EC (decimal 1260)
   defining Unicode char U+04ED (decimal 1261)
   defining Unicode char U+04EE (decimal 1262)
   defining Unicode char U+04EF (decimal 1263)
   defining Unicode char U+04F0 (decimal 1264)
   defining Unicode char U+04F1 (decimal 1265)
   defining Unicode char U+04F2 (decimal 1266)
   defining Unicode char U+04F3 (decimal 1267)
   defining Unicode char U+04F4 (decimal 1268)
   defining Unicode char U+04F5 (decimal 1269)
   defining Unicode char U+04F8 (decimal 1272)
   defining Unicode char U+04F9 (decimal 1273)
   defining Unicode char U+200C (decimal 8204)
   defining Unicode char U+2013 (decimal 8211)
   defining Unicode char U+2014 (decimal 8212)
   defining Unicode char U+2018 (decimal 8216)
   defining Unicode char U+2019 (decimal 8217)
   defining Unicode char U+201C (decimal 8220)
   defining Unicode char U+201D (decimal 8221)
   defining Unicode char U+201E (decimal 8222)
   defining Unicode char U+2030 (decimal 8240)
   defining Unicode char U+2031 (decimal 8241)
   defining Unicode char U+2116 (decimal 8470)
   defining Unicode char U+2329 (decimal 9001)
   defining Unicode char U+232A (decimal 9002)
   defining Unicode char U+2423 (decimal 9251)
   defining Unicode char U+27E8 (decimal 10216)
   defining Unicode char U+27E9 (decimal 10217)
   defining Unicode char U+FB00 (decimal 64256)
   defining Unicode char U+FB01 (decimal 64257)
   defining Unicode char U+FB02 (decimal 64258)
   defining Unicode char U+FB03 (decimal 64259)
   defining Unicode char U+FB04 (decimal 64260)
   defining Unicode char U+FB05 (decimal 64261)
   defining Unicode char U+FB06 (decimal 64262)
)
\symT2Aletters=\mathgroup4
)
LaTeX Font Info:    Trying to load font information for T2A+cmr on input line 1
12.

(C:\Users\–ê—Ä—Å–µ–Ω–∏–π –í –ì–∏—Å–∏—á\AppData\Local\Programs\MiKTeX\tex/latex/
cyrillic\t2acmr.fd
File: t2acmr.fd 2001/08/11 v1.0a Computer Modern Cyrillic font definitions
))
(C:\Users\–ê—Ä—Å–µ–Ω–∏–π –í –ì–∏—Å–∏—á\AppData\Local\Programs\MiKTeX\tex/generi
c/babel\babel.sty
Package: babel 2022/01/26 3.70 The Babel package
\babel@savecnt=\count269
\U@D=\dimen143
\l@unhyphenated=\language79

(C:\Users\–ê—Ä—Å–µ–Ω–∏–π –í –ì–∏—Å–∏—á\AppData\Local\Programs\MiKTeX\tex/generi
c/babel\txtbabel.def)
\bbl@readstream=\read2
\bbl@dirlevel=\count270

*************************************
* Local config file bblopts.cfg used
*

(C:\Users\–ê—Ä—Å–µ–Ω–∏–π –í –ì–∏—Å–∏—á\AppData\Local\Programs\MiKTeX\tex/latex/
arabi\bblopts.cfg
File: bblopts.cfg 2005/09/08 v0.1 add Arabic and Farsi to "declared" options of
 babel
)
(C:\Users\–ê—Ä—Å–µ–Ω–∏–π –í –ì–∏—Å–∏—á\AppData\Local\Programs\MiKTeX\tex/latex/
babel-english\english.ldf
Language: english 2017/06/06 v3.3r English support from the babel system
Package babel Info: Hyphen rules for 'canadian' set to \l@english
(babel)             (\language0). Reported on input line 102.
Package babel Info: Hyphen rules for 'australian' set to \l@ukenglish
(babel)             (\language73). Reported on input line 105.
Package babel Info: Hyphen rules for 'newzealand' set to \l@ukenglish
(babel)             (\language73). Reported on input line 108.
)
(C:\Users\–ê—Ä—Å–µ–Ω–∏–π –í –ì–∏—Å–∏—á\AppData\Local\Programs\MiKTeX\tex/latex/
babel-russian\russianb.ldf
File: russianb.ldf 2021/01/10 1.3m Russian support for the Babel system
Language: russian 2020/09/09 1.3k Russian support for the Babel system
Package babel Info: Making " an active character on input line 124.
Package babel Info: Default for \cyrdash is provided on input line 163.
))
(C:\Users\–ê—Ä—Å–µ–Ω–∏–π –í –ì–∏—Å–∏—á\AppData\Local\Programs\MiKTeX\tex/latex/
multirow\multirow.sty
Package: multirow 2021/03/15 v2.8 Span multiple rows of a table
\multirow@colwidth=\skip50
\multirow@cntb=\count271
\multirow@dima=\skip51
\bigstrutjot=\dimen144
)
(C:\Users\–ê—Ä—Å–µ–Ω–∏–π –í –ì–∏—Å–∏—á\AppData\Local\Programs\MiKTeX\tex/latex/
amsmath\amsmath.sty
Package: amsmath 2021/10/15 v2.17l AMS math features
\@mathmargin=\skip52

For additional information on amsmath, use the `?' option.

(C:\Users\–ê—Ä—Å–µ–Ω–∏–π –í –ì–∏—Å–∏—á\AppData\Local\Programs\MiKTeX\tex/latex/
amsmath\amstext.sty
Package: amstext 2021/08/26 v2.01 AMS text

(C:\Users\–ê—Ä—Å–µ–Ω–∏–π –í –ì–∏—Å–∏—á\AppData\Local\Programs\MiKTeX\tex/latex/
amsmath\amsgen.sty
File: amsgen.sty 1999/11/30 v2.0 generic functions
\@emptytoks=\toks19
\ex@=\dimen145
))
(C:\Users\–ê—Ä—Å–µ–Ω–∏–π –í –ì–∏—Å–∏—á\AppData\Local\Programs\MiKTeX\tex/latex/
amsmath\amsbsy.sty
Package: amsbsy 1999/11/29 v1.2d Bold Symbols
\pmbraise@=\dimen146
)
(C:\Users\–ê—Ä—Å–µ–Ω–∏–π –í –ì–∏—Å–∏—á\AppData\Local\Programs\MiKTeX\tex/latex/
amsmath\amsopn.sty
Package: amsopn 2021/08/26 v2.02 operator names
)
\inf@bad=\count272
LaTeX Info: Redefining \frac on input line 234.
\uproot@=\count273
\leftroot@=\count274
LaTeX Info: Redefining \overline on input line 399.
\classnum@=\count275
\DOTSCASE@=\count276
LaTeX Info: Redefining \ldots on input line 496.
LaTeX Info: Redefining \dots on input line 499.
LaTeX Info: Redefining \cdots on input line 620.
\Mathstrutbox@=\box50
\strutbox@=\box51
\big@size=\dimen147
LaTeX Font Info:    Redeclaring font encoding OML on input line 743.
\symOMLletters=\mathgroup5
LaTeX Font Info:    Redeclaring font encoding OMS on input line 744.
\symOMSletters=\mathgroup6
\macc@depth=\count277
\c@MaxMatrixCols=\count278
\dotsspace@=\muskip17
\c@parentequation=\count279
\dspbrk@lvl=\count280
\tag@help=\toks20
\row@=\count281
\column@=\count282
\maxfields@=\count283
\andhelp@=\toks21
\eqnshift@=\dimen148
\alignsep@=\dimen149
\tagshift@=\dimen150
\tagwidth@=\dimen151
\totwidth@=\dimen152
\lineht@=\dimen153
\@envbody=\toks22
\multlinegap=\skip53
\multlinetaggap=\skip54
\mathdisplay@stack=\toks23
LaTeX Info: Redefining \[ on input line 2938.
LaTeX Info: Redefining \] on input line 2939.
)
(C:\Users\–ê—Ä—Å–µ–Ω–∏–π –í –ì–∏—Å–∏—á\AppData\Local\Programs\MiKTeX\tex/latex/
amsfonts\amsfonts.sty
Package: amsfonts 2013/01/14 v3.01 Basic AMSFonts support
\symAMSa=\mathgroup7
\symAMSb=\mathgroup8
LaTeX Font Info:    Redeclaring math symbol \hbar on input line 98.
LaTeX Font Info:    Overwriting math alphabet `\mathfrak' in version `bold'
(Font)                  U/euf/m/n --> U/euf/b/n on input line 106.
)
(C:\Users\–ê—Ä—Å–µ–Ω–∏–π –í –ì–∏—Å–∏—á\AppData\Local\Programs\MiKTeX\tex/latex/
amsfonts\amssymb.sty
Package: amssymb 2013/01/14 v3.01 AMS font symbols
)
(C:\Users\–ê—Ä—Å–µ–Ω–∏–π –í –ì–∏—Å–∏—á\AppData\Local\Programs\MiKTeX\tex/latex/
amscls\amsthm.sty
Package: amsthm 2020/05/29 v2.20.6
\thm@style=\toks24
\thm@bodyfont=\toks25
\thm@headfont=\toks26
\thm@notefont=\toks27
\thm@headpunct=\toks28
\thm@preskip=\skip55
\thm@postskip=\skip56
\thm@headsep=\skip57
\dth@everypar=\toks29
)
(C:\Users\–ê—Ä—Å–µ–Ω–∏–π –í –ì–∏—Å–∏—á\AppData\Local\Programs\MiKTeX\tex/latex/
mathtools\mathtools.sty
Package: mathtools 2022/02/07 v1.28a mathematical typesetting tools

(C:\Users\–ê—Ä—Å–µ–Ω–∏–π –í –ì–∏—Å–∏—á\AppData\Local\Programs\MiKTeX\tex/latex/
tools\calc.sty
Package: calc 2017/05/25 v4.3 Infix arithmetic (KKT,FJ)
\calc@Acount=\count284
\calc@Bcount=\count285
\calc@Adimen=\dimen154
\calc@Bdimen=\dimen155
\calc@Askip=\skip58
\calc@Bskip=\skip59
LaTeX Info: Redefining \setlength on input line 80.
LaTeX Info: Redefining \addtolength on input line 81.
\calc@Ccount=\count286
\calc@Cskip=\skip60
)
(C:\Users\–ê—Ä—Å–µ–Ω–∏–π –í –ì–∏—Å–∏—á\AppData\Local\Programs\MiKTeX\tex/latex/
mathtools\mhsetup.sty
Package: mhsetup 2021/03/18 v1.4 programming setup (MH)
)
\g_MT_multlinerow_int=\count287
\l_MT_multwidth_dim=\dimen156
\origjot=\skip61
\l_MT_shortvdotswithinadjustabove_dim=\dimen157
\l_MT_shortvdotswithinadjustbelow_dim=\dimen158
\l_MT_above_intertext_sep=\dimen159
\l_MT_below_intertext_sep=\dimen160
\l_MT_above_shortintertext_sep=\dimen161
\l_MT_below_shortintertext_sep=\dimen162
\xmathstrut@box=\box52
\xmathstrut@dim=\dimen163
)
(C:\Users\–ê—Ä—Å–µ–Ω–∏–π –í –ì–∏—Å–∏—á\AppData\Local\Programs\MiKTeX\tex/latex/
tools\indentfirst.sty
Package: indentfirst 1995/11/23 v1.03 Indent first paragraph (DPC)
)
LaTeX Font Info:    Redeclaring symbol font `T2Aletters' on input line 11.
LaTeX Font Info:    Overwriting symbol font `T2Aletters' in version `normal'
(Font)                  T2A/cmr/m/up --> T2A/cmr/m/it on input line 11.
LaTeX Font Info:    Overwriting symbol font `T2Aletters' in version `bold'
(Font)                  T2A/cmr/m/up --> T2A/cmr/m/it on input line 11.

(C:\Users\–ê—Ä—Å–µ–Ω–∏–π –í –ì–∏—Å–∏—á\AppData\Local\Programs\MiKTeX\tex/latex/
was\gensymb.sty
Package: gensymb 2003/07/02 v1.0 (WaS)
)
(C:\Users\–ê—Ä—Å–µ–Ω–∏–π –í –ì–∏—Å–∏—á\AppData\Local\Programs\MiKTeX\tex/latex/
amsfonts\euscript.sty
Package: euscript 2009/06/22 v3.00 Euler Script fonts
LaTeX Font Info:    Overwriting math alphabet `\EuScript' in version `bold'
(Font)                  U/eus/m/n --> U/eus/b/n on input line 33.
)
(C:\Users\–ê—Ä—Å–µ–Ω–∏–π –í –ì–∏—Å–∏—á\AppData\Local\Programs\MiKTeX\tex/latex/
jknappen\mathrsfs.sty
Package: mathrsfs 1996/01/01 Math RSFS package v1.0 (jk)
\symrsfs=\mathgroup9
)
(C:\Users\–ê—Ä—Å–µ–Ω–∏–π –í –ì–∏—Å–∏—á\AppData\Local\Programs\MiKTeX\tex/latex/
geometry\geometry.sty
Package: geometry 2020/01/02 v5.9 Page Geometry

(C:\Users\–ê—Ä—Å–µ–Ω–∏–π –í –ì–∏—Å–∏—á\AppData\Local\Programs\MiKTeX\tex/generi
c/iftex\ifvtex.sty
Package: ifvtex 2019/10/25 v1.7 ifvtex legacy package. Use iftex instead.
)
\Gm@cnth=\count288
\Gm@cntv=\count289
\c@Gm@tempcnt=\count290
\Gm@bindingoffset=\dimen164
\Gm@wd@mp=\dimen165
\Gm@odd@mp=\dimen166
\Gm@even@mp=\dimen167
\Gm@layoutwidth=\dimen168
\Gm@layoutheight=\dimen169
\Gm@layouthoffset=\dimen170
\Gm@layoutvoffset=\dimen171
\Gm@dimlist=\toks30

(C:\Users\–ê—Ä—Å–µ–Ω–∏–π –í –ì–∏—Å–∏—á\AppData\Local\Programs\MiKTeX\tex/latex/
geometry\geometry.cfg))
(C:\Users\–ê—Ä—Å–µ–Ω–∏–π –í –ì–∏—Å–∏—á\AppData\Local\Programs\MiKTeX\tex/latex/
graphics\graphicx.sty
Package: graphicx 2021/09/16 v1.2d Enhanced LaTeX Graphics (DPC,SPQR)

(C:\Users\–ê—Ä—Å–µ–Ω–∏–π –í –ì–∏—Å–∏—á\AppData\Local\Programs\MiKTeX\tex/latex/
graphics\graphics.sty
Package: graphics 2021/03/04 v1.4d Standard LaTeX Graphics (DPC,SPQR)

(C:\Users\–ê—Ä—Å–µ–Ω–∏–π –í –ì–∏—Å–∏—á\AppData\Local\Programs\MiKTeX\tex/latex/
graphics\trig.sty
Package: trig 2021/08/11 v1.11 sin cos tan (DPC)
)
(C:\Users\–ê—Ä—Å–µ–Ω–∏–π –í –ì–∏—Å–∏—á\AppData\Local\Programs\MiKTeX\tex/latex/
graphics-cfg\graphics.cfg
File: graphics.cfg 2016/06/04 v1.11 sample graphics configuration
)
Package graphics Info: Driver file: pdftex.def on input line 107.

(C:\Users\–ê—Ä—Å–µ–Ω–∏–π –í –ì–∏—Å–∏—á\AppData\Local\Programs\MiKTeX\tex/latex/
graphics-def\pdftex.def
File: pdftex.def 2020/10/05 v1.2a Graphics/color driver for pdftex
))
\Gin@req@height=\dimen172
\Gin@req@width=\dimen173
)
(C:\Users\–ê—Ä—Å–µ–Ω–∏–π –í –ì–∏—Å–∏—á\AppData\Local\Programs\MiKTeX\tex/latex/
wrapfig\wrapfig.sty
\wrapoverhang=\dimen174
\WF@size=\dimen175
\c@WF@wrappedlines=\count291
\WF@box=\box53
\WF@everypar=\toks31
Package: wrapfig 2003/01/31  v 3.6
)
(C:\Users\–ê—Ä—Å–µ–Ω–∏–π –í –ì–∏—Å–∏—á\AppData\Local\Programs\MiKTeX\tex/latex/
xcolor\xcolor.sty
Package: xcolor 2021/10/31 v2.13 LaTeX color extensions (UK)

(C:\Users\–ê—Ä—Å–µ–Ω–∏–π –í –ì–∏—Å–∏—á\AppData\Local\Programs\MiKTeX\tex/latex/
graphics-cfg\color.cfg
File: color.cfg 2016/01/02 v1.6 sample color configuration
)
Package xcolor Info: Driver file: pdftex.def on input line 227.
Package xcolor Info: Model `cmy' substituted by `cmy0' on input line 1352.
Package xcolor Info: Model `hsb' substituted by `rgb' on input line 1356.
Package xcolor Info: Model `RGB' extended on input line 1368.
Package xcolor Info: Model `HTML' substituted by `rgb' on input line 1370.
Package xcolor Info: Model `Hsb' substituted by `hsb' on input line 1371.
Package xcolor Info: Model `tHsb' substituted by `hsb' on input line 1372.
Package xcolor Info: Model `HSB' substituted by `hsb' on input line 1373.
Package xcolor Info: Model `Gray' substituted by `gray' on input line 1374.
Package xcolor Info: Model `wave' substituted by `hsb' on input line 1375.
)
Package hyperref Info: Option `colorlinks' set `true' on input line 23.

(C:\Users\–ê—Ä—Å–µ–Ω–∏–π –í –ì–∏—Å–∏—á\AppData\Local\Programs\MiKTeX\tex/latex/
l3backend\l3backend-pdftex.def
File: l3backend-pdftex.def 2022-02-07 L3 backend support: PDF output (pdfTeX)
\l__color_backend_stack_int=\count292
\l__pdf_internal_box=\box54
) (1.3.3.aux)
\openout1 = `1.3.3.aux'.

LaTeX Font Info:    Checking defaults for OML/cmm/m/it on input line 30.
LaTeX Font Info:    ... okay on input line 30.
LaTeX Font Info:    Checking defaults for OMS/cmsy/m/n on input line 30.
LaTeX Font Info:    ... okay on input line 30.
LaTeX Font Info:    Checking defaults for OT1/cmr/m/n on input line 30.
LaTeX Font Info:    ... okay on input line 30.
LaTeX Font Info:    Checking defaults for T1/cmr/m/n on input line 30.
LaTeX Font Info:    ... okay on input line 30.
LaTeX Font Info:    Checking defaults for TS1/cmr/m/n on input line 30.
LaTeX Font Info:    ... okay on input line 30.
LaTeX Font Info:    Checking defaults for OMX/cmex/m/n on input line 30.
LaTeX Font Info:    ... okay on input line 30.
LaTeX Font Info:    Checking defaults for U/cmr/m/n on input line 30.
LaTeX Font Info:    ... okay on input line 30.
LaTeX Font Info:    Checking defaults for PD1/pdf/m/n on input line 30.
LaTeX Font Info:    ... okay on input line 30.
LaTeX Font Info:    Checking defaults for PU/pdf/m/n on input line 30.
LaTeX Font Info:    ... okay on input line 30.
LaTeX Font Info:    Checking defaults for T2A/cmr/m/n on input line 30.
LaTeX Font Info:    ... okay on input line 30.
Package hyperref Info: Link coloring ON on input line 30.

(C:\Users\–ê—Ä—Å–µ–Ω–∏–π –í –ì–∏—Å–∏—á\AppData\Local\Programs\MiKTeX\tex/latex/
hyperref\nameref.sty
Package: nameref 2021-04-02 v2.47 Cross-referencing by name of section

(C:\Users\–ê—Ä—Å–µ–Ω–∏–π –í –ì–∏—Å–∏—á\AppData\Local\Programs\MiKTeX\tex/latex/
refcount\refcount.sty
Package: refcount 2019/12/15 v3.6 Data extraction from label references (HO)
)
(C:\Users\–ê—Ä—Å–µ–Ω–∏–π –í –ì–∏—Å–∏—á\AppData\Local\Programs\MiKTeX\tex/generi
c/gettitlestring\gettitlestring.sty
Package: gettitlestring 2019/12/15 v1.6 Cleanup title references (HO)
)
\c@section@level=\count293
)
LaTeX Info: Redefining \ref on input line 30.
LaTeX Info: Redefining \pageref on input line 30.
LaTeX Info: Redefining \nameref on input line 30.
 (1.3.3.out) (1.3.3.out)
\@outlinefile=\write3
\openout3 = `1.3.3.out'.

LaTeX Info: Redefining \th on input line 30.
LaTeX Info: Redefining \celsius on input line 30.
Package gensymb Info: Faking symbols for \degree and \celsius on input line 30.



Package gensymb Warning: Not defining \perthousand.

LaTeX Info: Redefining \ohm on input line 30.
Package gensymb Info: Using \Omega for \ohm on input line 30.

Package gensymb Warning: Not defining \micro.

*geometry* driver: auto-detecting
*geometry* detected driver: pdftex
*geometry* verbose mode - [ preamble ] result:
* driver: pdftex
* paper: a4paper
* layout: <same size as paper>
* layoutoffset:(h,v)=(0.0pt,0.0pt)
* modes: 
* h-part:(L,W,R)=(56.9055pt, 483.69687pt, 56.9055pt)
* v-part:(T,H,B)=(56.9055pt, 731.23584pt, 56.9055pt)
* \paperwidth=597.50787pt
* \paperheight=845.04684pt
* \textwidth=483.69687pt
* \textheight=731.23584pt
* \oddsidemargin=-15.36449pt
* \evensidemargin=-15.36449pt
* \topmargin=-52.36449pt
* \headheight=12.0pt
* \headsep=25.0pt
* \topskip=12.0pt
* \footskip=30.0pt
* \marginparwidth=35.0pt
* \marginparsep=10.0pt
* \columnsep=10.0pt
* \skip\footins=10.8pt plus 4.0pt minus 2.0pt
* \hoffset=0.0pt
* \voffset=0.0pt
* \mag=1000
* \@twocolumnfalse
* \@twosidefalse
* \@mparswitchfalse
* \@reversemarginfalse
* (1in=72.27pt=25.4mm, 1cm=28.453pt)


(C:\Users\–ê—Ä—Å–µ–Ω–∏–π –í –ì–∏—Å–∏—á\AppData\Local\Programs\MiKTeX\tex/contex
t/base/mkii\supp-pdf.mkii
[Loading MPS to PDF converter (version 2006.09.02).]
\scratchcounter=\count294
\scratchdimen=\dimen176
\scratchbox=\box55
\nofMPsegments=\count295
\nofMParguments=\count296
\everyMPshowfont=\toks32
\MPscratchCnt=\count297
\MPscratchDim=\dimen177
\MPnumerator=\count298
\makeMPintoPDFobject=\count299
\everyMPtoPDFconversion=\toks33
)
(C:\Users\–ê—Ä—Å–µ–Ω–∏–π –í –ì–∏—Å–∏—á\AppData\Local\Programs\MiKTeX\tex/latex/
epstopdf-pkg\epstopdf-base.sty
Package: epstopdf-base 2020-01-24 v2.11 Base part for package epstopdf
Package epstopdf-base Info: Redefining graphics rule for `.eps' on input line 4
85.

(C:\Users\–ê—Ä—Å–µ–Ω–∏–π –í –ì–∏—Å–∏—á\AppData\Local\Programs\MiKTeX\tex/latex/
00miktex\epstopdf-sys.cfg
File: epstopdf-sys.cfg 2021/03/18 v2.0 Configuration of epstopdf for MiKTeX
)) [1

{C:/Users/–ê—Ä—Å–µ–Ω–∏–π –í –ì–∏—Å–∏—á/AppData/Local/MiKTeX/fonts/map/pdftex/pd
ftex.map}]
LaTeX Font Info:    Trying to load font information for OML+cmr on input line 6
3.

(C:\Users\–ê—Ä—Å–µ–Ω–∏–π –í –ì–∏—Å–∏—á\AppData\Local\Programs\MiKTeX\tex/latex/
base\omlcmr.fd
File: omlcmr.fd 2019/12/16 v2.5j Standard LaTeX font definitions
)

LaTeX Font Warning: Font shape `OML/cmr/m/up' undefined
(Font)              using `OML/cmr/m/it' instead on input line 63.

LaTeX Font Info:    Font shape `OML/cmr/m/it' in size <12> not available
(Font)              Font shape `OML/cmm/m/it' tried instead on input line 63.
LaTeX Font Info:    Font shape `OML/cmr/m/up' in size <8> not available
(Font)              Font shape `OML/cmm/m/it' tried instead on input line 63.
LaTeX Font Info:    Font shape `OML/cmr/m/up' in size <6> not available
(Font)              Font shape `OML/cmm/m/it' tried instead on input line 63.
LaTeX Font Info:    Trying to load font information for OMS+cmr on input line 6
3.

(C:\Users\–ê—Ä—Å–µ–Ω–∏–π –í –ì–∏—Å–∏—á\AppData\Local\Programs\MiKTeX\tex/latex/
base\omscmr.fd
File: omscmr.fd 2019/12/16 v2.5j Standard LaTeX font definitions
)

LaTeX Font Warning: Font shape `OMS/cmr/m/up' undefined
(Font)              using `OMS/cmr/m/n' instead on input line 63.

LaTeX Font Info:    Font shape `OMS/cmr/m/n' in size <12> not available
(Font)              Font shape `OMS/cmsy/m/n' tried instead on input line 63.
LaTeX Font Info:    Font shape `OMS/cmr/m/up' in size <8> not available
(Font)              Font shape `OMS/cmsy/m/n' tried instead on input line 63.
LaTeX Font Info:    Font shape `OMS/cmr/m/up' in size <6> not available
(Font)              Font shape `OMS/cmsy/m/n' tried instead on input line 63.
LaTeX Font Info:    Trying to load font information for U+msa on input line 63.


(C:\Users\–ê—Ä—Å–µ–Ω–∏–π –í –ì–∏—Å–∏—á\AppData\Local\Programs\MiKTeX\tex/latex/
amsfonts\umsa.fd
File: umsa.fd 2013/01/14 v3.01 AMS symbols A
)
LaTeX Font Info:    Trying to load font information for U+msb on input line 63.


(C:\Users\–ê—Ä—Å–µ–Ω–∏–π –í –ì–∏—Å–∏—á\AppData\Local\Programs\MiKTeX\tex/latex/
amsfonts\umsb.fd
File: umsb.fd 2013/01/14 v3.01 AMS symbols B
)
LaTeX Font Info:    Trying to load font information for U+rsfs on input line 63
.

(C:\Users\–ê—Ä—Å–µ–Ω–∏–π –í –ì–∏—Å–∏—á\AppData\Local\Programs\MiKTeX\tex/latex/
jknappen\ursfs.fd
File: ursfs.fd 1998/03/24 rsfs font definition file (jk)
) [2]
<1.png, id=56, 115.93312pt x 82.05656pt>
File: 1.png Graphic file (type png)
<use 1.png>
Package pdftex.def Info: 1.png  used on input line 105.
(pdftex.def)             Requested size: 139.11903pt x 98.46736pt.
 [3 <./1.png>]
<2.png, id=73, 86.57344pt x 75.28125pt>
File: 2.png Graphic file (type png)
<use 2.png>
Package pdftex.def Info: 2.png  used on input line 162.
(pdftex.def)             Requested size: 120.92421pt x 105.15408pt.

Underfull \hbox (badness 10000) in paragraph at lines 160--165
\T2A/cmr/m/n/12 ÎË-˜Ë-Ì˚.
 []

<3.png, id=74, 149.05687pt x 51.19125pt>
File: 3.png Graphic file (type png)
<use 3.png>
Package pdftex.def Info: 3.png  used on input line 168.
(pdftex.def)             Requested size: 145.11053pt x 49.839pt.
[4 <./2.png>]
<4.png, id=90, 259.7203pt x 154.32657pt>
File: 4.png Graphic file (type png)
<use 4.png>
Package pdftex.def Info: 4.png  used on input line 217.
(pdftex.def)             Requested size: 311.6628pt x 185.19093pt.


LaTeX Warning: `!h' float specifier changed to `!ht'.

<5.png, id=91, 97.11281pt x 96.36pt>
File: 5.png Graphic file (type png)
<use 5.png>
Package pdftex.def Info: 5.png  used on input line 225.
(pdftex.def)             Requested size: 120.92421pt x 119.98946pt.
[5 <./3.png>] [6 <./4.png> <./5.png>]
Underfull \hbox (badness 10000) in paragraph at lines 263--267

 []


Overfull \hbox (34.19348pt too wide) in paragraph at lines 282--321
[][] 
 []


LaTeX Warning: `!h' float specifier changed to `!ht'.

[7]
Overfull \hbox (33.5474pt too wide) in paragraph at lines 328--367
[][] 
 []


LaTeX Warning: `!h' float specifier changed to `!ht'.

[8]
<1.3.3_1.png, id=131, 722.7pt x 433.62pt>
File: 1.3.3_1.png Graphic file (type png)
<use 1.3.3_1.png>
Package pdftex.def Info: 1.3.3_1.png  used on input line 375.
(pdftex.def)             Requested size: 542.02367pt x 325.2142pt.

Overfull \hbox (58.3268pt too wide) in paragraph at lines 375--376
[]  
 []


LaTeX Warning: `!h' float specifier changed to `!ht'.

[9]
<1.3.3_3.png, id=142, 722.7pt x 433.62pt>
File: 1.3.3_3.png Graphic file (type png)
<use 1.3.3_3.png>
Package pdftex.def Info: 1.3.3_3.png  used on input line 414.
(pdftex.def)             Requested size: 542.02367pt x 325.2142pt.

Overfull \hbox (58.3268pt too wide) in paragraph at lines 414--415
[]  
 []


Underfull \hbox (badness 10000) in paragraph at lines 396--420

 []


LaTeX Warning: `!h' float specifier changed to `!ht'.


LaTeX Warning: `!h' float specifier changed to `!ht'.

[10 <./1.3.3_1.png>]
Overfull \hbox (34.19348pt too wide) in paragraph at lines 427--466
[][] 
 []


LaTeX Warning: `!h' float specifier changed to `!ht'.

[11 <./1.3.3_3.png>]
Overfull \hbox (34.19348pt too wide) in paragraph at lines 473--512
[][] 
 []


LaTeX Warning: `!h' float specifier changed to `!ht'.

[12]
<1.3.3_2.png, id=171, 722.7pt x 433.62pt>
File: 1.3.3_2.png Graphic file (type png)
<use 1.3.3_2.png>
Package pdftex.def Info: 1.3.3_2.png  used on input line 520.
(pdftex.def)             Requested size: 542.02367pt x 325.2142pt.

Overfull \hbox (58.3268pt too wide) in paragraph at lines 520--521
[]  
 []


LaTeX Warning: `!h' float specifier changed to `!ht'.

[13]
<1.3.3_4.png, id=184, 722.7pt x 433.62pt>
File: 1.3.3_4.png Graphic file (type png)
<use 1.3.3_4.png>
Package pdftex.def Info: 1.3.3_4.png  used on input line 547.
(pdftex.def)             Requested size: 542.02367pt x 325.2142pt.

Overfull \hbox (58.3268pt too wide) in paragraph at lines 547--548
[]  
 []


Underfull \hbox (badness 10000) in paragraph at lines 530--553

 []


LaTeX Warning: `!h' float specifier changed to `!ht'.

[14 <./1.3.3_2.png>]

Package mathtext Warning: letter `cyrd' used in math mode on input line 554.


Package mathtext Warning: letter `cyre' used in math mode on input line 554.


Package mathtext Warning: letter `cyrl' used in math mode on input line 554.


Package mathtext Warning: letter `cyrs' used in math mode on input line 554.


Package mathtext Warning: letter `cyrm' used in math mode on input line 554.


Package mathtext Warning: letter `cyrl' used in math mode on input line 559.


Package mathtext Warning: letter `cyrm' used in math mode on input line 559.


Package mathtext Warning: letter `cyrd' used in math mode on input line 575.


Package mathtext Warning: letter `cyre' used in math mode on input line 575.


Package mathtext Warning: letter `cyrl' used in math mode on input line 575.


Package mathtext Warning: letter `cyrs' used in math mode on input line 575.


Package mathtext Warning: letter `cyrm' used in math mode on input line 575.


Package mathtext Warning: letter `cyrl' used in math mode on input line 580.


Package mathtext Warning: letter `cyrm' used in math mode on input line 580.


LaTeX Warning: `!h' float specifier changed to `!ht'.

<1.3.3_5.png, id=196, 722.7pt x 433.62pt>
File: 1.3.3_5.png Graphic file (type png)
<use 1.3.3_5.png>
Package pdftex.def Info: 1.3.3_5.png  used on input line 599.
(pdftex.def)             Requested size: 542.02367pt x 325.2142pt.

Overfull \hbox (58.3268pt too wide) in paragraph at lines 599--600
[]  
 []


LaTeX Warning: `!h' float specifier changed to `!ht'.


Package mathtext Warning: letter `cyrk' used in math mode on input line 607.


Package mathtext Warning: letter `cyrr' used in math mode on input line 607.


Package mathtext Warning: letter `CYRP' used in math mode on input line 607.


Package mathtext Warning: letter `cyra' used in math mode on input line 607.


Package mathtext Warning: letter `CYRP' used in math mode on input line 612.


Package mathtext Warning: letter `cyra' used in math mode on input line 612.


Package mathtext Warning: letter `cyrs' used in math mode on input line 612.


Package mathtext Warning: letter `cyrk' used in math mode on input line 612.


Package mathtext Warning: letter `cyrr' used in math mode on input line 612.

[15 <./1.3.3_4.png>] [16 <./1.3.3_5.png>] [17] (1.3.3.aux)

LaTeX Font Warning: Some font shapes were not available, defaults substituted.

Package rerunfilecheck Info: File `1.3.3.out' has not changed.
(rerunfilecheck)             Checksum: E8357FA347B601959C239B1DA0F72404;1646.
 ) 
Here is how much of TeX's memory you used:
 13557 strings out of 478584
 216646 string characters out of 2833510
 595912 words of memory out of 3000000
 31449 multiletter control sequences out of 15000+600000
 483492 words of font info for 60 fonts, out of 8000000 for 9000
 1141 hyphenation exceptions out of 8191
 60i,13n,63p,1423b,371s stack positions out of 5000i,500n,10000p,200000b,80000s
 <C:\Users\–ê—Ä—Å–µ–Ω–∏–π –í –ì–∏—Å–∏—á\AppData\Local\MiKTeX\fonts/pk/ljfour/
lh/lh-t2a/dpi600\lati1200.pk> <C:\Users\–ê—Ä—Å–µ–Ω–∏–π –í –ì–∏—Å–∏—á\AppData\Lo
cal\MiKTeX\fonts/pk/ljfour/lh/lh-t2a/dpi600\lati0800.pk> <C:\Users\–ê—Ä—Å–µ–Ω–∏
–π –í –ì–∏—Å–∏—á\AppData\Local\MiKTeX\fonts/pk/ljfour/lh/lh-t2a/dpi600\labx1440
.pk> <C:\Users\–ê—Ä—Å–µ–Ω–∏–π –í –ì–∏—Å–∏—á\AppData\Local\MiKTeX\fonts/pk/ljfou
r/lh/lh-t2a/dpi600\larm0600.pk> <C:\Users\–ê—Ä—Å–µ–Ω–∏–π –í –ì–∏—Å–∏—á\AppData\
Local\MiKTeX\fonts/pk/ljfour/lh/lh-t2a/dpi600\labx1200.pk> <C:\Users\–ê—Ä—Å–µ–Ω
–∏–π –í –ì–∏—Å–∏—á\AppData\Local\MiKTeX\fonts/pk/ljfour/lh/lh-t2a/dpi600\larm08
00.pk> <C:\Users\–ê—Ä—Å–µ–Ω–∏–π –í –ì–∏—Å–∏—á\AppData\Local\MiKTeX\fonts/pk/ljf
our/lh/lh-t2a/dpi600\larm1200.pk> <C:\Users\–ê—Ä—Å–µ–Ω–∏–π –í –ì–∏—Å–∏—á\AppDat
a\Local\MiKTeX\fonts/pk/ljfour/lh/lh-t2a/dpi600\larm1728.pk> <C:\Users\–ê—Ä—Å–µ
–Ω–∏–π –í –ì–∏—Å–∏—á\AppData\Local\MiKTeX\fonts/pk/ljfour/lh/lh-t2a/dpi600\labx
1728.pk> <C:\Users\–ê—Ä—Å–µ–Ω–∏–π –í –ì–∏—Å–∏—á\AppData\Local\MiKTeX\fonts/pk/l
jfour/lh/lh-t2a/dpi600\larm1440.pk><C:/Users/–ê—Ä—Å–µ–Ω–∏–π –í –ì–∏—Å–∏—á/AppDa
ta/Local/Programs/MiKTeX/fonts/type1/public/amsfonts/cm/cmex10.pfb><C:/Users/–ê
—Ä—Å–µ–Ω–∏–π –í –ì–∏—Å–∏—á/AppData/Local/Programs/MiKTeX/fonts/type1/public/ams
fonts/cm/cmmi12.pfb><C:/Users/–ê—Ä—Å–µ–Ω–∏–π –í –ì–∏—Å–∏—á/AppData/Local/Progra
ms/MiKTeX/fonts/type1/public/amsfonts/cm/cmmi8.pfb><C:/Users/–ê—Ä—Å–µ–Ω–∏–π –í 
–ì–∏—Å–∏—á/AppData/Local/Programs/MiKTeX/fonts/type1/public/amsfonts/cm/cmr12.p
fb><C:/Users/–ê—Ä—Å–µ–Ω–∏–π –í –ì–∏—Å–∏—á/AppData/Local/Programs/MiKTeX/fonts/t
ype1/public/amsfonts/cm/cmr6.pfb><C:/Users/–ê—Ä—Å–µ–Ω–∏–π –í –ì–∏—Å–∏—á/AppData
/Local/Programs/MiKTeX/fonts/type1/public/amsfonts/cm/cmr8.pfb><C:/Users/–ê—Ä—Å
–µ–Ω–∏–π –í –ì–∏—Å–∏—á/AppData/Local/Programs/MiKTeX/fonts/type1/public/amsfont
s/cm/cmsy10.pfb><C:/Users/–ê—Ä—Å–µ–Ω–∏–π –í –ì–∏—Å–∏—á/AppData/Local/Programs/M
iKTeX/fonts/type1/public/amsfonts/cm/cmsy8.pfb>
Output written on 1.3.3.pdf (17 pages, 1916773 bytes).
PDF statistics:
 546 PDF objects out of 1000 (max. 8388607)
 63 named destinations out of 1000 (max. 500000)
 115 words of extra memory for PDF output out of 10000 (max. 10000000)

